{"C:\\Users\\Olayinka\\alcwithforloop\\book-a-meal-app\\api\\src\\index.js":{"path":"C:\\Users\\Olayinka\\alcwithforloop\\book-a-meal-app\\api\\src\\index.js","statementMap":{"0":{"start":{"line":3,"column":0},"end":{"line":5,"column":3}},"1":{"start":{"line":6,"column":0},"end":{"line":6,"column":21}},"2":{"start":{"line":8,"column":15},"end":{"line":8,"column":57}},"3":{"start":{"line":10,"column":19},"end":{"line":10,"column":74}},"4":{"start":{"line":12,"column":18},"end":{"line":12,"column":72}},"5":{"start":{"line":14,"column":20},"end":{"line":14,"column":76}},"6":{"start":{"line":16,"column":18},"end":{"line":16,"column":72}},"7":{"start":{"line":18,"column":18},"end":{"line":18,"column":64}},"8":{"start":{"line":20,"column":24},"end":{"line":20,"column":77}},"9":{"start":{"line":22,"column":15},"end":{"line":22,"column":65}},"10":{"start":{"line":24,"column":39},"end":{"line":24,"column":93}},"11":{"start":{"line":27,"column":10},"end":{"line":27,"column":33}},"12":{"start":{"line":28,"column":0},"end":{"line":28,"column":18}},"13":{"start":{"line":30,"column":0},"end":{"line":30,"column":27}},"14":{"start":{"line":42,"column":0},"end":{"line":42,"column":36}},"15":{"start":{"line":43,"column":0},"end":{"line":43,"column":47}},"16":{"start":{"line":44,"column":0},"end":{"line":44,"column":45}},"17":{"start":{"line":45,"column":0},"end":{"line":45,"column":49}},"18":{"start":{"line":47,"column":0},"end":{"line":47,"column":108}},"19":{"start":{"line":48,"column":0},"end":{"line":48,"column":45}},"20":{"start":{"line":49,"column":11},"end":{"line":49,"column":15}},"21":{"start":{"line":50,"column":13},"end":{"line":52,"column":2}},"22":{"start":{"line":51,"column":2},"end":{"line":51,"column":54}}},"fnMap":{"0":{"name":"_interopRequireDefault","decl":{"start":{"line":24,"column":9},"end":{"line":24,"column":31}},"loc":{"start":{"line":24,"column":37},"end":{"line":24,"column":95}},"line":24},"1":{"name":"(anonymous_1)","decl":{"start":{"line":50,"column":50},"end":{"line":50,"column":51}},"loc":{"start":{"line":50,"column":62},"end":{"line":52,"column":1}},"line":50}},"branchMap":{"0":{"loc":{"start":{"line":24,"column":46},"end":{"line":24,"column":92}},"type":"cond-expr","locations":[{"start":{"line":24,"column":70},"end":{"line":24,"column":73}},{"start":{"line":24,"column":76},"end":{"line":24,"column":92}}],"line":24},"1":{"loc":{"start":{"line":24,"column":46},"end":{"line":24,"column":67}},"type":"binary-expr","locations":[{"start":{"line":24,"column":46},"end":{"line":24,"column":49}},{"start":{"line":24,"column":53},"end":{"line":24,"column":67}}],"line":24},"2":{"loc":{"start":{"line":50,"column":24},"end":{"line":50,"column":48}},"type":"binary-expr","locations":[{"start":{"line":50,"column":24},"end":{"line":50,"column":40}},{"start":{"line":50,"column":44},"end":{"line":50,"column":48}}],"line":50}},"s":{"0":1,"1":1,"2":1,"3":1,"4":1,"5":1,"6":1,"7":1,"8":1,"9":1,"10":8,"11":1,"12":1,"13":1,"14":1,"15":1,"16":1,"17":1,"18":1,"19":1,"20":1,"21":1,"22":0},"f":{"0":8,"1":0},"b":{"0":[4,4],"1":[8,8],"2":[1,1]},"_coverageSchema":"43e27e138ebf9cfc5966b082cf9a028302ed4184","hash":"4674338989704e1f20d24ded3faaeadfd1bead36","contentHash":"e567a0baf016b0981a3f347eb4b49f4688d543f765e661a118de91674ad4fea5"},"C:\\Users\\Olayinka\\alcwithforloop\\book-a-meal-app\\api\\src\\routes\\MealsRoutes.js":{"path":"C:\\Users\\Olayinka\\alcwithforloop\\book-a-meal-app\\api\\src\\routes\\MealsRoutes.js","statementMap":{"0":{"start":{"line":3,"column":0},"end":{"line":5,"column":3}},"1":{"start":{"line":6,"column":0},"end":{"line":6,"column":25}},"2":{"start":{"line":8,"column":15},"end":{"line":8,"column":57}},"3":{"start":{"line":10,"column":12},"end":{"line":10,"column":66}},"4":{"start":{"line":12,"column":13},"end":{"line":12,"column":73}},"5":{"start":{"line":14,"column":23},"end":{"line":14,"column":88}},"6":{"start":{"line":16,"column":39},"end":{"line":16,"column":93}},"7":{"start":{"line":19,"column":22},"end":{"line":19,"column":52}},"8":{"start":{"line":21,"column":13},"end":{"line":21,"column":38}},"9":{"start":{"line":23,"column":0},"end":{"line":23,"column":93}},"10":{"start":{"line":24,"column":0},"end":{"line":24,"column":95}},"11":{"start":{"line":25,"column":0},"end":{"line":25,"column":103}},"12":{"start":{"line":26,"column":0},"end":{"line":26,"column":106}},"13":{"start":{"line":27,"column":0},"end":{"line":27,"column":97}},"14":{"start":{"line":36,"column":15},"end":{"line":36,"column":21}},"15":{"start":{"line":37,"column":0},"end":{"line":37,"column":27}}},"fnMap":{"0":{"name":"_interopRequireDefault","decl":{"start":{"line":16,"column":9},"end":{"line":16,"column":31}},"loc":{"start":{"line":16,"column":37},"end":{"line":16,"column":95}},"line":16}},"branchMap":{"0":{"loc":{"start":{"line":16,"column":46},"end":{"line":16,"column":92}},"type":"cond-expr","locations":[{"start":{"line":16,"column":70},"end":{"line":16,"column":73}},{"start":{"line":16,"column":76},"end":{"line":16,"column":92}}],"line":16},"1":{"loc":{"start":{"line":16,"column":46},"end":{"line":16,"column":67}},"type":"binary-expr","locations":[{"start":{"line":16,"column":46},"end":{"line":16,"column":49}},{"start":{"line":16,"column":53},"end":{"line":16,"column":67}}],"line":16}},"s":{"0":1,"1":1,"2":1,"3":1,"4":1,"5":1,"6":4,"7":1,"8":1,"9":1,"10":1,"11":1,"12":1,"13":1,"14":1,"15":1},"f":{"0":4},"b":{"0":[3,1],"1":[4,4]},"_coverageSchema":"43e27e138ebf9cfc5966b082cf9a028302ed4184","hash":"6d3e660434485367a2332c0616f9e8c95062fe1c","contentHash":"41376667cd3de511043ace00f77247785483b7272468b1fb44f150f9c2525d45"},"C:\\Users\\Olayinka\\alcwithforloop\\book-a-meal-app\\api\\src\\middlewares\\auth.js":{"path":"C:\\Users\\Olayinka\\alcwithforloop\\book-a-meal-app\\api\\src\\middlewares\\auth.js","statementMap":{"0":{"start":{"line":3,"column":0},"end":{"line":5,"column":3}},"1":{"start":{"line":6,"column":0},"end":{"line":6,"column":25}},"2":{"start":{"line":8,"column":20},"end":{"line":8,"column":67}},"3":{"start":{"line":10,"column":17},"end":{"line":10,"column":72}},"4":{"start":{"line":12,"column":39},"end":{"line":12,"column":93}},"5":{"start":{"line":14,"column":11},"end":{"line":39,"column":1}},"6":{"start":{"line":16,"column":16},"end":{"line":16,"column":140}},"7":{"start":{"line":17,"column":4},"end":{"line":17,"column":47}},"8":{"start":{"line":19,"column":4},"end":{"line":37,"column":5}},"9":{"start":{"line":20,"column":6},"end":{"line":31,"column":9}},"10":{"start":{"line":21,"column":8},"end":{"line":27,"column":9}},"11":{"start":{"line":22,"column":10},"end":{"line":26,"column":13}},"12":{"start":{"line":29,"column":8},"end":{"line":29,"column":30}},"13":{"start":{"line":30,"column":8},"end":{"line":30,"column":15}},"14":{"start":{"line":33,"column":6},"end":{"line":36,"column":9}},"15":{"start":{"line":40,"column":15},"end":{"line":40,"column":19}},"16":{"start":{"line":41,"column":0},"end":{"line":41,"column":27}}},"fnMap":{"0":{"name":"_interopRequireDefault","decl":{"start":{"line":12,"column":9},"end":{"line":12,"column":31}},"loc":{"start":{"line":12,"column":37},"end":{"line":12,"column":95}},"line":12},"1":{"name":"verifyToken","decl":{"start":{"line":15,"column":24},"end":{"line":15,"column":35}},"loc":{"start":{"line":15,"column":52},"end":{"line":38,"column":3}},"line":15},"2":{"name":"(anonymous_2)","decl":{"start":{"line":20,"column":69},"end":{"line":20,"column":70}},"loc":{"start":{"line":20,"column":93},"end":{"line":31,"column":7}},"line":20}},"branchMap":{"0":{"loc":{"start":{"line":12,"column":46},"end":{"line":12,"column":92}},"type":"cond-expr","locations":[{"start":{"line":12,"column":70},"end":{"line":12,"column":73}},{"start":{"line":12,"column":76},"end":{"line":12,"column":92}}],"line":12},"1":{"loc":{"start":{"line":12,"column":46},"end":{"line":12,"column":67}},"type":"binary-expr","locations":[{"start":{"line":12,"column":46},"end":{"line":12,"column":49}},{"start":{"line":12,"column":53},"end":{"line":12,"column":67}}],"line":12},"2":{"loc":{"start":{"line":16,"column":16},"end":{"line":16,"column":140}},"type":"binary-expr","locations":[{"start":{"line":16,"column":16},"end":{"line":16,"column":30}},{"start":{"line":16,"column":34},"end":{"line":16,"column":49}},{"start":{"line":16,"column":53},"end":{"line":16,"column":82}},{"start":{"line":16,"column":86},"end":{"line":16,"column":111}},{"start":{"line":16,"column":115},"end":{"line":16,"column":140}}],"line":16},"3":{"loc":{"start":{"line":17,"column":12},"end":{"line":17,"column":46}},"type":"cond-expr","locations":[{"start":{"line":17,"column":20},"end":{"line":17,"column":38}},{"start":{"line":17,"column":41},"end":{"line":17,"column":46}}],"line":17},"4":{"loc":{"start":{"line":19,"column":4},"end":{"line":37,"column":5}},"type":"if","locations":[{"start":{"line":19,"column":4},"end":{"line":37,"column":5}},{"start":{"line":19,"column":4},"end":{"line":37,"column":5}}],"line":19},"5":{"loc":{"start":{"line":21,"column":8},"end":{"line":27,"column":9}},"type":"if","locations":[{"start":{"line":21,"column":8},"end":{"line":27,"column":9}},{"start":{"line":21,"column":8},"end":{"line":27,"column":9}}],"line":21}},"s":{"0":1,"1":1,"2":1,"3":1,"4":2,"5":1,"6":10,"7":10,"8":10,"9":0,"10":0,"11":0,"12":0,"13":0,"14":10,"15":1,"16":1},"f":{"0":2,"1":10,"2":0},"b":{"0":[1,1],"1":[2,2],"2":[10,10,10,10,10],"3":[0,10],"4":[0,10],"5":[0,0]},"_coverageSchema":"43e27e138ebf9cfc5966b082cf9a028302ed4184","hash":"e60d24724b11df7a9b6eefeb04912161711ede20","contentHash":"af1bd23845938a7cadbcc0486b966c2f2660ec0f0ed20501c2d1f4f564ff145a"},"C:\\Users\\Olayinka\\alcwithforloop\\book-a-meal-app\\api\\src\\config\\jwt-config.js":{"path":"C:\\Users\\Olayinka\\alcwithforloop\\book-a-meal-app\\api\\src\\config\\jwt-config.js","statementMap":{"0":{"start":{"line":3,"column":0},"end":{"line":5,"column":3}},"1":{"start":{"line":6,"column":0},"end":{"line":6,"column":25}},"2":{"start":{"line":8,"column":15},"end":{"line":11,"column":1}},"3":{"start":{"line":12,"column":0},"end":{"line":12,"column":27}}},"fnMap":{},"branchMap":{},"s":{"0":1,"1":1,"2":1,"3":1},"f":{},"b":{},"_coverageSchema":"43e27e138ebf9cfc5966b082cf9a028302ed4184","hash":"7e8e2cafc3ec2cc121d0078c1cabcf28da519116","contentHash":"bb848289641cbe494ce27bd27044ead28ad695f6c6f30a03cf393b49d24ba1a0"},"C:\\Users\\Olayinka\\alcwithforloop\\book-a-meal-app\\api\\src\\middlewares\\meals.auth.js":{"path":"C:\\Users\\Olayinka\\alcwithforloop\\book-a-meal-app\\api\\src\\middlewares\\meals.auth.js","statementMap":{"0":{"start":{"line":3,"column":0},"end":{"line":5,"column":3}},"1":{"start":{"line":6,"column":0},"end":{"line":6,"column":25}},"2":{"start":{"line":8,"column":15},"end":{"line":8,"column":67}},"3":{"start":{"line":10,"column":39},"end":{"line":10,"column":93}},"4":{"start":{"line":12,"column":15},"end":{"line":89,"column":1}},"5":{"start":{"line":14,"column":4},"end":{"line":18,"column":5}},"6":{"start":{"line":15,"column":6},"end":{"line":17,"column":9}},"7":{"start":{"line":20,"column":25},"end":{"line":20,"column":56}},"8":{"start":{"line":21,"column":21},"end":{"line":21,"column":69}},"9":{"start":{"line":22,"column":18},"end":{"line":22,"column":71}},"10":{"start":{"line":24,"column":4},"end":{"line":28,"column":5}},"11":{"start":{"line":25,"column":6},"end":{"line":27,"column":9}},"12":{"start":{"line":30,"column":4},"end":{"line":30,"column":18}},"13":{"start":{"line":33,"column":4},"end":{"line":37,"column":5}},"14":{"start":{"line":34,"column":6},"end":{"line":36,"column":9}},"15":{"start":{"line":39,"column":25},"end":{"line":39,"column":56}},"16":{"start":{"line":40,"column":21},"end":{"line":40,"column":69}},"17":{"start":{"line":41,"column":18},"end":{"line":41,"column":69}},"18":{"start":{"line":43,"column":4},"end":{"line":47,"column":5}},"19":{"start":{"line":44,"column":6},"end":{"line":46,"column":9}},"20":{"start":{"line":49,"column":4},"end":{"line":49,"column":18}},"21":{"start":{"line":52,"column":4},"end":{"line":56,"column":5}},"22":{"start":{"line":53,"column":6},"end":{"line":55,"column":9}},"23":{"start":{"line":58,"column":25},"end":{"line":58,"column":56}},"24":{"start":{"line":59,"column":21},"end":{"line":59,"column":69}},"25":{"start":{"line":60,"column":18},"end":{"line":60,"column":71}},"26":{"start":{"line":62,"column":4},"end":{"line":66,"column":5}},"27":{"start":{"line":63,"column":6},"end":{"line":65,"column":9}},"28":{"start":{"line":68,"column":4},"end":{"line":68,"column":18}},"29":{"start":{"line":71,"column":4},"end":{"line":75,"column":5}},"30":{"start":{"line":72,"column":6},"end":{"line":74,"column":9}},"31":{"start":{"line":77,"column":25},"end":{"line":77,"column":56}},"32":{"start":{"line":78,"column":21},"end":{"line":78,"column":69}},"33":{"start":{"line":79,"column":18},"end":{"line":79,"column":71}},"34":{"start":{"line":81,"column":4},"end":{"line":85,"column":5}},"35":{"start":{"line":82,"column":6},"end":{"line":84,"column":9}},"36":{"start":{"line":87,"column":4},"end":{"line":87,"column":18}},"37":{"start":{"line":90,"column":15},"end":{"line":90,"column":23}},"38":{"start":{"line":91,"column":0},"end":{"line":91,"column":27}}},"fnMap":{"0":{"name":"_interopRequireDefault","decl":{"start":{"line":10,"column":9},"end":{"line":10,"column":31}},"loc":{"start":{"line":10,"column":37},"end":{"line":10,"column":95}},"line":10},"1":{"name":"addMeal","decl":{"start":{"line":13,"column":20},"end":{"line":13,"column":27}},"loc":{"start":{"line":13,"column":44},"end":{"line":31,"column":3}},"line":13},"2":{"name":"getMeal","decl":{"start":{"line":32,"column":20},"end":{"line":32,"column":27}},"loc":{"start":{"line":32,"column":44},"end":{"line":50,"column":3}},"line":32},"3":{"name":"updateMeal","decl":{"start":{"line":51,"column":23},"end":{"line":51,"column":33}},"loc":{"start":{"line":51,"column":50},"end":{"line":69,"column":3}},"line":51},"4":{"name":"deleteMeal","decl":{"start":{"line":70,"column":23},"end":{"line":70,"column":33}},"loc":{"start":{"line":70,"column":50},"end":{"line":88,"column":3}},"line":70}},"branchMap":{"0":{"loc":{"start":{"line":10,"column":46},"end":{"line":10,"column":92}},"type":"cond-expr","locations":[{"start":{"line":10,"column":70},"end":{"line":10,"column":73}},{"start":{"line":10,"column":76},"end":{"line":10,"column":92}}],"line":10},"1":{"loc":{"start":{"line":10,"column":46},"end":{"line":10,"column":67}},"type":"binary-expr","locations":[{"start":{"line":10,"column":46},"end":{"line":10,"column":49}},{"start":{"line":10,"column":53},"end":{"line":10,"column":67}}],"line":10},"2":{"loc":{"start":{"line":14,"column":4},"end":{"line":18,"column":5}},"type":"if","locations":[{"start":{"line":14,"column":4},"end":{"line":18,"column":5}},{"start":{"line":14,"column":4},"end":{"line":18,"column":5}}],"line":14},"3":{"loc":{"start":{"line":24,"column":4},"end":{"line":28,"column":5}},"type":"if","locations":[{"start":{"line":24,"column":4},"end":{"line":28,"column":5}},{"start":{"line":24,"column":4},"end":{"line":28,"column":5}}],"line":24},"4":{"loc":{"start":{"line":24,"column":8},"end":{"line":24,"column":31}},"type":"binary-expr","locations":[{"start":{"line":24,"column":8},"end":{"line":24,"column":19}},{"start":{"line":24,"column":23},"end":{"line":24,"column":31}}],"line":24},"5":{"loc":{"start":{"line":33,"column":4},"end":{"line":37,"column":5}},"type":"if","locations":[{"start":{"line":33,"column":4},"end":{"line":37,"column":5}},{"start":{"line":33,"column":4},"end":{"line":37,"column":5}}],"line":33},"6":{"loc":{"start":{"line":43,"column":4},"end":{"line":47,"column":5}},"type":"if","locations":[{"start":{"line":43,"column":4},"end":{"line":47,"column":5}},{"start":{"line":43,"column":4},"end":{"line":47,"column":5}}],"line":43},"7":{"loc":{"start":{"line":43,"column":8},"end":{"line":43,"column":31}},"type":"binary-expr","locations":[{"start":{"line":43,"column":8},"end":{"line":43,"column":19}},{"start":{"line":43,"column":23},"end":{"line":43,"column":31}}],"line":43},"8":{"loc":{"start":{"line":52,"column":4},"end":{"line":56,"column":5}},"type":"if","locations":[{"start":{"line":52,"column":4},"end":{"line":56,"column":5}},{"start":{"line":52,"column":4},"end":{"line":56,"column":5}}],"line":52},"9":{"loc":{"start":{"line":62,"column":4},"end":{"line":66,"column":5}},"type":"if","locations":[{"start":{"line":62,"column":4},"end":{"line":66,"column":5}},{"start":{"line":62,"column":4},"end":{"line":66,"column":5}}],"line":62},"10":{"loc":{"start":{"line":62,"column":8},"end":{"line":62,"column":31}},"type":"binary-expr","locations":[{"start":{"line":62,"column":8},"end":{"line":62,"column":19}},{"start":{"line":62,"column":23},"end":{"line":62,"column":31}}],"line":62},"11":{"loc":{"start":{"line":71,"column":4},"end":{"line":75,"column":5}},"type":"if","locations":[{"start":{"line":71,"column":4},"end":{"line":75,"column":5}},{"start":{"line":71,"column":4},"end":{"line":75,"column":5}}],"line":71},"12":{"loc":{"start":{"line":81,"column":4},"end":{"line":85,"column":5}},"type":"if","locations":[{"start":{"line":81,"column":4},"end":{"line":85,"column":5}},{"start":{"line":81,"column":4},"end":{"line":85,"column":5}}],"line":81},"13":{"loc":{"start":{"line":81,"column":8},"end":{"line":81,"column":31}},"type":"binary-expr","locations":[{"start":{"line":81,"column":8},"end":{"line":81,"column":19}},{"start":{"line":81,"column":23},"end":{"line":81,"column":31}}],"line":81}},"s":{"0":1,"1":1,"2":1,"3":1,"4":1,"5":0,"6":0,"7":0,"8":0,"9":0,"10":0,"11":0,"12":0,"13":0,"14":0,"15":0,"16":0,"17":0,"18":0,"19":0,"20":0,"21":0,"22":0,"23":0,"24":0,"25":0,"26":0,"27":0,"28":0,"29":0,"30":0,"31":0,"32":0,"33":0,"34":0,"35":0,"36":0,"37":1,"38":1},"f":{"0":1,"1":0,"2":0,"3":0,"4":0},"b":{"0":[1,0],"1":[1,1],"2":[0,0],"3":[0,0],"4":[0,0],"5":[0,0],"6":[0,0],"7":[0,0],"8":[0,0],"9":[0,0],"10":[0,0],"11":[0,0],"12":[0,0],"13":[0,0]},"_coverageSchema":"43e27e138ebf9cfc5966b082cf9a028302ed4184","hash":"38cf69f810301120dec79b74b8435565243aed04","contentHash":"d06db8d142ae918e2c4fd6b25e5395b46fc59e9d535e54438ddd06e9a1e8bb94"},"C:\\Users\\Olayinka\\alcwithforloop\\book-a-meal-app\\api\\src\\config\\actions.js":{"path":"C:\\Users\\Olayinka\\alcwithforloop\\book-a-meal-app\\api\\src\\config\\actions.js","statementMap":{"0":{"start":{"line":3,"column":0},"end":{"line":5,"column":3}},"1":{"start":{"line":6,"column":0},"end":{"line":6,"column":25}},"2":{"start":{"line":7,"column":21},"end":{"line":28,"column":1}},"3":{"start":{"line":29,"column":15},"end":{"line":29,"column":29}},"4":{"start":{"line":30,"column":0},"end":{"line":30,"column":27}}},"fnMap":{},"branchMap":{},"s":{"0":1,"1":1,"2":1,"3":1,"4":1},"f":{},"b":{},"_coverageSchema":"43e27e138ebf9cfc5966b082cf9a028302ed4184","hash":"c3061d0690a741f7bbce52aa7c197a7494b75ebf","contentHash":"264cd47ecc26abb81a582733094bb0b57d7cd504b419e43dd13943d425f3e59f"},"C:\\Users\\Olayinka\\alcwithforloop\\book-a-meal-app\\api\\src\\controllers\\MealsController.js":{"path":"C:\\Users\\Olayinka\\alcwithforloop\\book-a-meal-app\\api\\src\\controllers\\MealsController.js","statementMap":{"0":{"start":{"line":3,"column":0},"end":{"line":5,"column":3}},"1":{"start":{"line":6,"column":0},"end":{"line":6,"column":25}},"2":{"start":{"line":8,"column":20},"end":{"line":8,"column":79}},"3":{"start":{"line":10,"column":39},"end":{"line":10,"column":93}},"4":{"start":{"line":12,"column":77},"end":{"line":12,"column":175}},"5":{"start":{"line":12,"column":94},"end":{"line":12,"column":107}},"6":{"start":{"line":12,"column":121},"end":{"line":12,"column":131}},"7":{"start":{"line":12,"column":151},"end":{"line":12,"column":165}},"8":{"start":{"line":12,"column":166},"end":{"line":12,"column":173}},"9":{"start":{"line":12,"column":176},"end":{"line":12,"column":263}},"10":{"start":{"line":12,"column":193},"end":{"line":12,"column":208}},"11":{"start":{"line":12,"column":218},"end":{"line":12,"column":261}},"12":{"start":{"line":14,"column":33},"end":{"line":14,"column":387}},"13":{"start":{"line":14,"column":65},"end":{"line":14,"column":69}},"14":{"start":{"line":14,"column":78},"end":{"line":14,"column":87}},"15":{"start":{"line":14,"column":89},"end":{"line":14,"column":384}},"16":{"start":{"line":14,"column":147},"end":{"line":14,"column":167}},"17":{"start":{"line":14,"column":193},"end":{"line":14,"column":264}},"18":{"start":{"line":14,"column":290},"end":{"line":14,"column":360}},"19":{"start":{"line":14,"column":363},"end":{"line":14,"column":380}},"20":{"start":{"line":16,"column":50},"end":{"line":16,"column":151}},"21":{"start":{"line":16,"column":92},"end":{"line":16,"column":149}},"22":{"start":{"line":18,"column":44},"end":{"line":18,"column":315}},"23":{"start":{"line":18,"column":57},"end":{"line":18,"column":58}},"24":{"start":{"line":18,"column":102},"end":{"line":18,"column":110}},"25":{"start":{"line":18,"column":112},"end":{"line":18,"column":167}},"26":{"start":{"line":18,"column":168},"end":{"line":18,"column":199}},"27":{"start":{"line":18,"column":200},"end":{"line":18,"column":254}},"28":{"start":{"line":18,"column":227},"end":{"line":18,"column":254}},"29":{"start":{"line":18,"column":255},"end":{"line":18,"column":313}},"30":{"start":{"line":20,"column":62},"end":{"line":20,"column":131}},"31":{"start":{"line":20,"column":78},"end":{"line":20,"column":131}},"32":{"start":{"line":20,"column":132},"end":{"line":20,"column":193}},"33":{"start":{"line":20,"column":149},"end":{"line":20,"column":193}},"34":{"start":{"line":20,"column":194},"end":{"line":20,"column":213}},"35":{"start":{"line":24,"column":0},"end":{"line":278,"column":3}},"36":{"start":{"line":26,"column":4},"end":{"line":26,"column":43}},"37":{"start":{"line":28,"column":4},"end":{"line":28,"column":52}},"38":{"start":{"line":31,"column":2},"end":{"line":275,"column":6}},"39":{"start":{"line":34,"column":6},"end":{"line":77,"column":8}},"40":{"start":{"line":37,"column":21},"end":{"line":71,"column":13}},"41":{"start":{"line":41,"column":12},"end":{"line":70,"column":30}},"42":{"start":{"line":42,"column":14},"end":{"line":69,"column":15}},"43":{"start":{"line":43,"column":16},"end":{"line":68,"column":17}},"44":{"start":{"line":45,"column":20},"end":{"line":45,"column":55}},"45":{"start":{"line":46,"column":20},"end":{"line":46,"column":38}},"46":{"start":{"line":47,"column":20},"end":{"line":47,"column":41}},"47":{"start":{"line":50,"column":20},"end":{"line":50,"column":46}},"48":{"start":{"line":51,"column":20},"end":{"line":51,"column":48}},"49":{"start":{"line":52,"column":20},"end":{"line":52,"column":44}},"50":{"start":{"line":54,"column":20},"end":{"line":63,"column":21}},"51":{"start":{"line":55,"column":22},"end":{"line":58,"column":25}},"52":{"start":{"line":60,"column":22},"end":{"line":62,"column":25}},"53":{"start":{"line":67,"column":20},"end":{"line":67,"column":43}},"54":{"start":{"line":73,"column":10},"end":{"line":75,"column":12}},"55":{"start":{"line":74,"column":12},"end":{"line":74,"column":47}},"56":{"start":{"line":82,"column":6},"end":{"line":125,"column":8}},"57":{"start":{"line":85,"column":22},"end":{"line":119,"column":13}},"58":{"start":{"line":89,"column":12},"end":{"line":118,"column":31}},"59":{"start":{"line":90,"column":14},"end":{"line":117,"column":15}},"60":{"start":{"line":91,"column":16},"end":{"line":116,"column":17}},"61":{"start":{"line":93,"column":20},"end":{"line":93,"column":56}},"62":{"start":{"line":94,"column":20},"end":{"line":94,"column":39}},"63":{"start":{"line":95,"column":20},"end":{"line":95,"column":56}},"64":{"start":{"line":98,"column":20},"end":{"line":98,"column":42}},"65":{"start":{"line":99,"column":20},"end":{"line":99,"column":43}},"66":{"start":{"line":100,"column":20},"end":{"line":100,"column":39}},"67":{"start":{"line":102,"column":20},"end":{"line":111,"column":21}},"68":{"start":{"line":103,"column":22},"end":{"line":106,"column":25}},"69":{"start":{"line":108,"column":22},"end":{"line":110,"column":25}},"70":{"start":{"line":115,"column":20},"end":{"line":115,"column":44}},"71":{"start":{"line":121,"column":10},"end":{"line":123,"column":12}},"72":{"start":{"line":122,"column":12},"end":{"line":122,"column":48}},"73":{"start":{"line":130,"column":6},"end":{"line":174,"column":8}},"74":{"start":{"line":133,"column":22},"end":{"line":168,"column":13}},"75":{"start":{"line":137,"column":12},"end":{"line":167,"column":31}},"76":{"start":{"line":138,"column":14},"end":{"line":166,"column":15}},"77":{"start":{"line":139,"column":16},"end":{"line":165,"column":17}},"78":{"start":{"line":141,"column":20},"end":{"line":141,"column":55}},"79":{"start":{"line":142,"column":20},"end":{"line":142,"column":39}},"80":{"start":{"line":143,"column":20},"end":{"line":143,"column":39}},"81":{"start":{"line":144,"column":20},"end":{"line":144,"column":49}},"82":{"start":{"line":147,"column":20},"end":{"line":147,"column":51}},"83":{"start":{"line":148,"column":20},"end":{"line":148,"column":52}},"84":{"start":{"line":149,"column":20},"end":{"line":149,"column":48}},"85":{"start":{"line":151,"column":20},"end":{"line":160,"column":21}},"86":{"start":{"line":152,"column":22},"end":{"line":155,"column":25}},"87":{"start":{"line":157,"column":22},"end":{"line":159,"column":25}},"88":{"start":{"line":164,"column":20},"end":{"line":164,"column":44}},"89":{"start":{"line":170,"column":10},"end":{"line":172,"column":12}},"90":{"start":{"line":171,"column":12},"end":{"line":171,"column":48}},"91":{"start":{"line":180,"column":17},"end":{"line":180,"column":44}},"92":{"start":{"line":181,"column":6},"end":{"line":224,"column":8}},"93":{"start":{"line":184,"column":22},"end":{"line":218,"column":13}},"94":{"start":{"line":188,"column":12},"end":{"line":217,"column":31}},"95":{"start":{"line":189,"column":14},"end":{"line":216,"column":15}},"96":{"start":{"line":190,"column":16},"end":{"line":215,"column":17}},"97":{"start":{"line":192,"column":20},"end":{"line":192,"column":39}},"98":{"start":{"line":193,"column":20},"end":{"line":193,"column":86}},"99":{"start":{"line":196,"column":20},"end":{"line":196,"column":50}},"100":{"start":{"line":198,"column":20},"end":{"line":198,"column":51}},"101":{"start":{"line":199,"column":20},"end":{"line":199,"column":47}},"102":{"start":{"line":201,"column":20},"end":{"line":210,"column":21}},"103":{"start":{"line":202,"column":22},"end":{"line":205,"column":25}},"104":{"start":{"line":207,"column":22},"end":{"line":209,"column":25}},"105":{"start":{"line":214,"column":20},"end":{"line":214,"column":44}},"106":{"start":{"line":220,"column":10},"end":{"line":222,"column":12}},"107":{"start":{"line":221,"column":12},"end":{"line":221,"column":48}},"108":{"start":{"line":229,"column":17},"end":{"line":229,"column":44}},"109":{"start":{"line":230,"column":6},"end":{"line":273,"column":8}},"110":{"start":{"line":233,"column":22},"end":{"line":267,"column":13}},"111":{"start":{"line":237,"column":12},"end":{"line":266,"column":31}},"112":{"start":{"line":238,"column":14},"end":{"line":265,"column":15}},"113":{"start":{"line":239,"column":16},"end":{"line":264,"column":17}},"114":{"start":{"line":241,"column":20},"end":{"line":241,"column":39}},"115":{"start":{"line":242,"column":20},"end":{"line":242,"column":86}},"116":{"start":{"line":245,"column":20},"end":{"line":245,"column":50}},"117":{"start":{"line":247,"column":20},"end":{"line":247,"column":51}},"118":{"start":{"line":248,"column":20},"end":{"line":248,"column":47}},"119":{"start":{"line":250,"column":20},"end":{"line":259,"column":21}},"120":{"start":{"line":251,"column":22},"end":{"line":254,"column":25}},"121":{"start":{"line":256,"column":22},"end":{"line":258,"column":25}},"122":{"start":{"line":263,"column":20},"end":{"line":263,"column":44}},"123":{"start":{"line":269,"column":10},"end":{"line":271,"column":12}},"124":{"start":{"line":270,"column":12},"end":{"line":270,"column":48}},"125":{"start":{"line":277,"column":2},"end":{"line":277,"column":25}},"126":{"start":{"line":280,"column":0},"end":{"line":280,"column":34}}},"fnMap":{"0":{"name":"_interopRequireDefault","decl":{"start":{"line":10,"column":9},"end":{"line":10,"column":31}},"loc":{"start":{"line":10,"column":37},"end":{"line":10,"column":95}},"line":10},"1":{"name":"asyncGeneratorStep","decl":{"start":{"line":12,"column":9},"end":{"line":12,"column":27}},"loc":{"start":{"line":12,"column":75},"end":{"line":12,"column":265}},"line":12},"2":{"name":"_asyncToGenerator","decl":{"start":{"line":14,"column":9},"end":{"line":14,"column":26}},"loc":{"start":{"line":14,"column":31},"end":{"line":14,"column":389}},"line":14},"3":{"name":"(anonymous_3)","decl":{"start":{"line":14,"column":40},"end":{"line":14,"column":41}},"loc":{"start":{"line":14,"column":52},"end":{"line":14,"column":386}},"line":14},"4":{"name":"(anonymous_4)","decl":{"start":{"line":14,"column":108},"end":{"line":14,"column":109}},"loc":{"start":{"line":14,"column":135},"end":{"line":14,"column":382}},"line":14},"5":{"name":"_next","decl":{"start":{"line":14,"column":178},"end":{"line":14,"column":183}},"loc":{"start":{"line":14,"column":191},"end":{"line":14,"column":266}},"line":14},"6":{"name":"_throw","decl":{"start":{"line":14,"column":276},"end":{"line":14,"column":282}},"loc":{"start":{"line":14,"column":288},"end":{"line":14,"column":362}},"line":14},"7":{"name":"_classCallCheck","decl":{"start":{"line":16,"column":9},"end":{"line":16,"column":24}},"loc":{"start":{"line":16,"column":48},"end":{"line":16,"column":153}},"line":16},"8":{"name":"_defineProperties","decl":{"start":{"line":18,"column":9},"end":{"line":18,"column":26}},"loc":{"start":{"line":18,"column":42},"end":{"line":18,"column":317}},"line":18},"9":{"name":"_createClass","decl":{"start":{"line":20,"column":9},"end":{"line":20,"column":21}},"loc":{"start":{"line":20,"column":60},"end":{"line":20,"column":215}},"line":20},"10":{"name":"(anonymous_10)","decl":{"start":{"line":24,"column":0},"end":{"line":24,"column":1}},"loc":{"start":{"line":24,"column":12},"end":{"line":278,"column":1}},"line":24},"11":{"name":"MealsController","decl":{"start":{"line":25,"column":11},"end":{"line":25,"column":26}},"loc":{"start":{"line":25,"column":29},"end":{"line":29,"column":3}},"line":25},"12":{"name":"getAll","decl":{"start":{"line":33,"column":20},"end":{"line":33,"column":26}},"loc":{"start":{"line":33,"column":29},"end":{"line":78,"column":5}},"line":33},"13":{"name":"(anonymous_13)","decl":{"start":{"line":36,"column":8},"end":{"line":36,"column":9}},"loc":{"start":{"line":36,"column":20},"end":{"line":76,"column":9}},"line":36},"14":{"name":"_callee","decl":{"start":{"line":39,"column":43},"end":{"line":39,"column":50}},"loc":{"start":{"line":39,"column":61},"end":{"line":71,"column":11}},"line":39},"15":{"name":"_callee$","decl":{"start":{"line":41,"column":52},"end":{"line":41,"column":60}},"loc":{"start":{"line":41,"column":71},"end":{"line":70,"column":13}},"line":41},"16":{"name":"(anonymous_16)","decl":{"start":{"line":73,"column":17},"end":{"line":73,"column":18}},"loc":{"start":{"line":73,"column":36},"end":{"line":75,"column":11}},"line":73},"17":{"name":"getMeal","decl":{"start":{"line":81,"column":20},"end":{"line":81,"column":27}},"loc":{"start":{"line":81,"column":30},"end":{"line":126,"column":5}},"line":81},"18":{"name":"(anonymous_18)","decl":{"start":{"line":84,"column":8},"end":{"line":84,"column":9}},"loc":{"start":{"line":84,"column":20},"end":{"line":124,"column":9}},"line":84},"19":{"name":"_callee2","decl":{"start":{"line":87,"column":43},"end":{"line":87,"column":51}},"loc":{"start":{"line":87,"column":62},"end":{"line":119,"column":11}},"line":87},"20":{"name":"_callee2$","decl":{"start":{"line":89,"column":52},"end":{"line":89,"column":61}},"loc":{"start":{"line":89,"column":73},"end":{"line":118,"column":13}},"line":89},"21":{"name":"(anonymous_21)","decl":{"start":{"line":121,"column":17},"end":{"line":121,"column":18}},"loc":{"start":{"line":121,"column":37},"end":{"line":123,"column":11}},"line":121},"22":{"name":"addMeal","decl":{"start":{"line":129,"column":20},"end":{"line":129,"column":27}},"loc":{"start":{"line":129,"column":30},"end":{"line":175,"column":5}},"line":129},"23":{"name":"(anonymous_23)","decl":{"start":{"line":132,"column":8},"end":{"line":132,"column":9}},"loc":{"start":{"line":132,"column":20},"end":{"line":173,"column":9}},"line":132},"24":{"name":"_callee3","decl":{"start":{"line":135,"column":43},"end":{"line":135,"column":51}},"loc":{"start":{"line":135,"column":62},"end":{"line":168,"column":11}},"line":135},"25":{"name":"_callee3$","decl":{"start":{"line":137,"column":52},"end":{"line":137,"column":61}},"loc":{"start":{"line":137,"column":73},"end":{"line":167,"column":13}},"line":137},"26":{"name":"(anonymous_26)","decl":{"start":{"line":170,"column":17},"end":{"line":170,"column":18}},"loc":{"start":{"line":170,"column":37},"end":{"line":172,"column":11}},"line":170},"27":{"name":"updateMeal","decl":{"start":{"line":178,"column":20},"end":{"line":178,"column":30}},"loc":{"start":{"line":178,"column":33},"end":{"line":225,"column":5}},"line":178},"28":{"name":"(anonymous_28)","decl":{"start":{"line":183,"column":8},"end":{"line":183,"column":9}},"loc":{"start":{"line":183,"column":20},"end":{"line":223,"column":9}},"line":183},"29":{"name":"_callee4","decl":{"start":{"line":186,"column":43},"end":{"line":186,"column":51}},"loc":{"start":{"line":186,"column":62},"end":{"line":218,"column":11}},"line":186},"30":{"name":"_callee4$","decl":{"start":{"line":188,"column":52},"end":{"line":188,"column":61}},"loc":{"start":{"line":188,"column":73},"end":{"line":217,"column":13}},"line":188},"31":{"name":"(anonymous_31)","decl":{"start":{"line":220,"column":17},"end":{"line":220,"column":18}},"loc":{"start":{"line":220,"column":37},"end":{"line":222,"column":11}},"line":220},"32":{"name":"deleteMeal","decl":{"start":{"line":228,"column":20},"end":{"line":228,"column":30}},"loc":{"start":{"line":228,"column":33},"end":{"line":274,"column":5}},"line":228},"33":{"name":"(anonymous_33)","decl":{"start":{"line":232,"column":8},"end":{"line":232,"column":9}},"loc":{"start":{"line":232,"column":20},"end":{"line":272,"column":9}},"line":232},"34":{"name":"_callee5","decl":{"start":{"line":235,"column":43},"end":{"line":235,"column":51}},"loc":{"start":{"line":235,"column":62},"end":{"line":267,"column":11}},"line":235},"35":{"name":"_callee5$","decl":{"start":{"line":237,"column":52},"end":{"line":237,"column":61}},"loc":{"start":{"line":237,"column":73},"end":{"line":266,"column":13}},"line":237},"36":{"name":"(anonymous_36)","decl":{"start":{"line":269,"column":17},"end":{"line":269,"column":18}},"loc":{"start":{"line":269,"column":38},"end":{"line":271,"column":11}},"line":269}},"branchMap":{"0":{"loc":{"start":{"line":10,"column":46},"end":{"line":10,"column":92}},"type":"cond-expr","locations":[{"start":{"line":10,"column":70},"end":{"line":10,"column":73}},{"start":{"line":10,"column":76},"end":{"line":10,"column":92}}],"line":10},"1":{"loc":{"start":{"line":10,"column":46},"end":{"line":10,"column":67}},"type":"binary-expr","locations":[{"start":{"line":10,"column":46},"end":{"line":10,"column":49}},{"start":{"line":10,"column":53},"end":{"line":10,"column":67}}],"line":10},"2":{"loc":{"start":{"line":12,"column":176},"end":{"line":12,"column":263}},"type":"if","locations":[{"start":{"line":12,"column":176},"end":{"line":12,"column":263}},{"start":{"line":12,"column":176},"end":{"line":12,"column":263}}],"line":12},"3":{"loc":{"start":{"line":16,"column":50},"end":{"line":16,"column":151}},"type":"if","locations":[{"start":{"line":16,"column":50},"end":{"line":16,"column":151}},{"start":{"line":16,"column":50},"end":{"line":16,"column":151}}],"line":16},"4":{"loc":{"start":{"line":18,"column":136},"end":{"line":18,"column":166}},"type":"binary-expr","locations":[{"start":{"line":18,"column":136},"end":{"line":18,"column":157}},{"start":{"line":18,"column":161},"end":{"line":18,"column":166}}],"line":18},"5":{"loc":{"start":{"line":18,"column":200},"end":{"line":18,"column":254}},"type":"if","locations":[{"start":{"line":18,"column":200},"end":{"line":18,"column":254}},{"start":{"line":18,"column":200},"end":{"line":18,"column":254}}],"line":18},"6":{"loc":{"start":{"line":20,"column":62},"end":{"line":20,"column":131}},"type":"if","locations":[{"start":{"line":20,"column":62},"end":{"line":20,"column":131}},{"start":{"line":20,"column":62},"end":{"line":20,"column":131}}],"line":20},"7":{"loc":{"start":{"line":20,"column":132},"end":{"line":20,"column":193}},"type":"if","locations":[{"start":{"line":20,"column":132},"end":{"line":20,"column":193}},{"start":{"line":20,"column":132},"end":{"line":20,"column":193}}],"line":20},"8":{"loc":{"start":{"line":43,"column":16},"end":{"line":68,"column":17}},"type":"switch","locations":[{"start":{"line":44,"column":18},"end":{"line":47,"column":41}},{"start":{"line":49,"column":18},"end":{"line":63,"column":21}},{"start":{"line":65,"column":18},"end":{"line":65,"column":25}},{"start":{"line":66,"column":18},"end":{"line":67,"column":43}}],"line":43},"9":{"loc":{"start":{"line":54,"column":20},"end":{"line":63,"column":21}},"type":"if","locations":[{"start":{"line":54,"column":20},"end":{"line":63,"column":21}},{"start":{"line":54,"column":20},"end":{"line":63,"column":21}}],"line":54},"10":{"loc":{"start":{"line":91,"column":16},"end":{"line":116,"column":17}},"type":"switch","locations":[{"start":{"line":92,"column":18},"end":{"line":95,"column":56}},{"start":{"line":97,"column":18},"end":{"line":111,"column":21}},{"start":{"line":113,"column":18},"end":{"line":113,"column":25}},{"start":{"line":114,"column":18},"end":{"line":115,"column":44}}],"line":91},"11":{"loc":{"start":{"line":102,"column":20},"end":{"line":111,"column":21}},"type":"if","locations":[{"start":{"line":102,"column":20},"end":{"line":111,"column":21}},{"start":{"line":102,"column":20},"end":{"line":111,"column":21}}],"line":102},"12":{"loc":{"start":{"line":139,"column":16},"end":{"line":165,"column":17}},"type":"switch","locations":[{"start":{"line":140,"column":18},"end":{"line":144,"column":49}},{"start":{"line":146,"column":18},"end":{"line":160,"column":21}},{"start":{"line":162,"column":18},"end":{"line":162,"column":25}},{"start":{"line":163,"column":18},"end":{"line":164,"column":44}}],"line":139},"13":{"loc":{"start":{"line":151,"column":20},"end":{"line":160,"column":21}},"type":"if","locations":[{"start":{"line":151,"column":20},"end":{"line":160,"column":21}},{"start":{"line":151,"column":20},"end":{"line":160,"column":21}}],"line":151},"14":{"loc":{"start":{"line":190,"column":16},"end":{"line":215,"column":17}},"type":"switch","locations":[{"start":{"line":191,"column":18},"end":{"line":193,"column":86}},{"start":{"line":195,"column":18},"end":{"line":210,"column":21}},{"start":{"line":212,"column":18},"end":{"line":212,"column":25}},{"start":{"line":213,"column":18},"end":{"line":214,"column":44}}],"line":190},"15":{"loc":{"start":{"line":201,"column":20},"end":{"line":210,"column":21}},"type":"if","locations":[{"start":{"line":201,"column":20},"end":{"line":210,"column":21}},{"start":{"line":201,"column":20},"end":{"line":210,"column":21}}],"line":201},"16":{"loc":{"start":{"line":239,"column":16},"end":{"line":264,"column":17}},"type":"switch","locations":[{"start":{"line":240,"column":18},"end":{"line":242,"column":86}},{"start":{"line":244,"column":18},"end":{"line":259,"column":21}},{"start":{"line":261,"column":18},"end":{"line":261,"column":25}},{"start":{"line":262,"column":18},"end":{"line":263,"column":44}}],"line":239},"17":{"loc":{"start":{"line":250,"column":20},"end":{"line":259,"column":21}},"type":"if","locations":[{"start":{"line":250,"column":20},"end":{"line":259,"column":21}},{"start":{"line":250,"column":20},"end":{"line":259,"column":21}}],"line":250}},"s":{"0":1,"1":1,"2":1,"3":1,"4":0,"5":0,"6":0,"7":0,"8":0,"9":0,"10":0,"11":0,"12":5,"13":0,"14":0,"15":0,"16":0,"17":0,"18":0,"19":0,"20":1,"21":0,"22":1,"23":1,"24":5,"25":5,"26":5,"27":5,"28":5,"29":5,"30":1,"31":1,"32":1,"33":0,"34":1,"35":1,"36":1,"37":1,"38":1,"39":1,"40":1,"41":0,"42":0,"43":0,"44":0,"45":0,"46":0,"47":0,"48":0,"49":0,"50":0,"51":0,"52":0,"53":0,"54":1,"55":0,"56":1,"57":1,"58":0,"59":0,"60":0,"61":0,"62":0,"63":0,"64":0,"65":0,"66":0,"67":0,"68":0,"69":0,"70":0,"71":1,"72":0,"73":1,"74":1,"75":0,"76":0,"77":0,"78":0,"79":0,"80":0,"81":0,"82":0,"83":0,"84":0,"85":0,"86":0,"87":0,"88":0,"89":1,"90":0,"91":1,"92":1,"93":1,"94":0,"95":0,"96":0,"97":0,"98":0,"99":0,"100":0,"101":0,"102":0,"103":0,"104":0,"105":0,"106":1,"107":0,"108":1,"109":1,"110":1,"111":0,"112":0,"113":0,"114":0,"115":0,"116":0,"117":0,"118":0,"119":0,"120":0,"121":0,"122":0,"123":1,"124":0,"125":1,"126":1},"f":{"0":1,"1":0,"2":5,"3":0,"4":0,"5":0,"6":0,"7":1,"8":1,"9":1,"10":1,"11":1,"12":1,"13":1,"14":0,"15":0,"16":0,"17":1,"18":1,"19":0,"20":0,"21":0,"22":1,"23":1,"24":0,"25":0,"26":0,"27":1,"28":1,"29":0,"30":0,"31":0,"32":1,"33":1,"34":0,"35":0,"36":0},"b":{"0":[1,0],"1":[1,1],"2":[0,0],"3":[0,1],"4":[5,5],"5":[5,0],"6":[1,0],"7":[0,1],"8":[0,0,0,0],"9":[0,0],"10":[0,0,0,0],"11":[0,0],"12":[0,0,0,0],"13":[0,0],"14":[0,0,0,0],"15":[0,0],"16":[0,0,0,0],"17":[0,0]},"_coverageSchema":"43e27e138ebf9cfc5966b082cf9a028302ed4184","hash":"d144eea8e43e85a2be96859c9e0787ea4f6fddde","contentHash":"4a41fb8c3d7e0a3fc2be11b814277253b29d866d317cfa727b9f024e5bb37757"},"C:\\Users\\Olayinka\\alcwithforloop\\book-a-meal-app\\api\\src\\services\\MealsService.js":{"path":"C:\\Users\\Olayinka\\alcwithforloop\\book-a-meal-app\\api\\src\\services\\MealsService.js","statementMap":{"0":{"start":{"line":3,"column":0},"end":{"line":5,"column":3}},"1":{"start":{"line":6,"column":0},"end":{"line":6,"column":25}},"2":{"start":{"line":8,"column":14},"end":{"line":8,"column":46}},"3":{"start":{"line":10,"column":33},"end":{"line":10,"column":464}},"4":{"start":{"line":10,"column":46},"end":{"line":10,"column":47}},"5":{"start":{"line":10,"column":91},"end":{"line":10,"column":131}},"6":{"start":{"line":10,"column":147},"end":{"line":10,"column":166}},"7":{"start":{"line":10,"column":168},"end":{"line":10,"column":382}},"8":{"start":{"line":10,"column":226},"end":{"line":10,"column":380}},"9":{"start":{"line":10,"column":312},"end":{"line":10,"column":375}},"10":{"start":{"line":10,"column":383},"end":{"line":10,"column":462}},"11":{"start":{"line":10,"column":416},"end":{"line":10,"column":458}},"12":{"start":{"line":10,"column":465},"end":{"line":10,"column":479}},"13":{"start":{"line":12,"column":44},"end":{"line":12,"column":195}},"14":{"start":{"line":12,"column":62},"end":{"line":12,"column":166}},"15":{"start":{"line":12,"column":176},"end":{"line":12,"column":193}},"16":{"start":{"line":12,"column":196},"end":{"line":12,"column":207}},"17":{"start":{"line":14,"column":77},"end":{"line":14,"column":175}},"18":{"start":{"line":14,"column":94},"end":{"line":14,"column":107}},"19":{"start":{"line":14,"column":121},"end":{"line":14,"column":131}},"20":{"start":{"line":14,"column":151},"end":{"line":14,"column":165}},"21":{"start":{"line":14,"column":166},"end":{"line":14,"column":173}},"22":{"start":{"line":14,"column":176},"end":{"line":14,"column":263}},"23":{"start":{"line":14,"column":193},"end":{"line":14,"column":208}},"24":{"start":{"line":14,"column":218},"end":{"line":14,"column":261}},"25":{"start":{"line":16,"column":33},"end":{"line":16,"column":387}},"26":{"start":{"line":16,"column":65},"end":{"line":16,"column":69}},"27":{"start":{"line":16,"column":78},"end":{"line":16,"column":87}},"28":{"start":{"line":16,"column":89},"end":{"line":16,"column":384}},"29":{"start":{"line":16,"column":147},"end":{"line":16,"column":167}},"30":{"start":{"line":16,"column":193},"end":{"line":16,"column":264}},"31":{"start":{"line":16,"column":290},"end":{"line":16,"column":360}},"32":{"start":{"line":16,"column":363},"end":{"line":16,"column":380}},"33":{"start":{"line":18,"column":50},"end":{"line":18,"column":151}},"34":{"start":{"line":18,"column":92},"end":{"line":18,"column":149}},"35":{"start":{"line":20,"column":44},"end":{"line":20,"column":315}},"36":{"start":{"line":20,"column":57},"end":{"line":20,"column":58}},"37":{"start":{"line":20,"column":102},"end":{"line":20,"column":110}},"38":{"start":{"line":20,"column":112},"end":{"line":20,"column":167}},"39":{"start":{"line":20,"column":168},"end":{"line":20,"column":199}},"40":{"start":{"line":20,"column":200},"end":{"line":20,"column":254}},"41":{"start":{"line":20,"column":227},"end":{"line":20,"column":254}},"42":{"start":{"line":20,"column":255},"end":{"line":20,"column":313}},"43":{"start":{"line":22,"column":62},"end":{"line":22,"column":131}},"44":{"start":{"line":22,"column":78},"end":{"line":22,"column":131}},"45":{"start":{"line":22,"column":132},"end":{"line":22,"column":193}},"46":{"start":{"line":22,"column":149},"end":{"line":22,"column":193}},"47":{"start":{"line":22,"column":194},"end":{"line":22,"column":213}},"48":{"start":{"line":26,"column":0},"end":{"line":400,"column":3}},"49":{"start":{"line":28,"column":4},"end":{"line":28,"column":40}},"50":{"start":{"line":31,"column":2},"end":{"line":397,"column":6}},"51":{"start":{"line":34,"column":20},"end":{"line":84,"column":9}},"52":{"start":{"line":38,"column":8},"end":{"line":83,"column":36}},"53":{"start":{"line":39,"column":10},"end":{"line":82,"column":11}},"54":{"start":{"line":40,"column":12},"end":{"line":81,"column":13}},"55":{"start":{"line":42,"column":16},"end":{"line":42,"column":34}},"56":{"start":{"line":43,"column":16},"end":{"line":43,"column":34}},"57":{"start":{"line":44,"column":16},"end":{"line":44,"column":48}},"58":{"start":{"line":47,"column":16},"end":{"line":47,"column":38}},"59":{"start":{"line":49,"column":16},"end":{"line":52,"column":17}},"60":{"start":{"line":50,"column":18},"end":{"line":50,"column":36}},"61":{"start":{"line":51,"column":18},"end":{"line":51,"column":24}},"62":{"start":{"line":54,"column":16},"end":{"line":59,"column":19}},"63":{"start":{"line":62,"column":16},"end":{"line":67,"column":19}},"64":{"start":{"line":70,"column":16},"end":{"line":70,"column":34}},"65":{"start":{"line":71,"column":16},"end":{"line":71,"column":51}},"66":{"start":{"line":72,"column":16},"end":{"line":76,"column":19}},"67":{"start":{"line":80,"column":16},"end":{"line":80,"column":39}},"68":{"start":{"line":87,"column":8},"end":{"line":87,"column":46}},"69":{"start":{"line":90,"column":6},"end":{"line":90,"column":20}},"70":{"start":{"line":95,"column":21},"end":{"line":149,"column":9}},"71":{"start":{"line":99,"column":8},"end":{"line":148,"column":37}},"72":{"start":{"line":100,"column":10},"end":{"line":147,"column":11}},"73":{"start":{"line":101,"column":12},"end":{"line":146,"column":13}},"74":{"start":{"line":103,"column":16},"end":{"line":103,"column":35}},"75":{"start":{"line":104,"column":16},"end":{"line":104,"column":35}},"76":{"start":{"line":105,"column":16},"end":{"line":109,"column":19}},"77":{"start":{"line":112,"column":16},"end":{"line":112,"column":38}},"78":{"start":{"line":114,"column":16},"end":{"line":117,"column":17}},"79":{"start":{"line":115,"column":18},"end":{"line":115,"column":37}},"80":{"start":{"line":116,"column":18},"end":{"line":116,"column":24}},"81":{"start":{"line":119,"column":16},"end":{"line":124,"column":19}},"82":{"start":{"line":127,"column":16},"end":{"line":132,"column":19}},"83":{"start":{"line":135,"column":16},"end":{"line":135,"column":35}},"84":{"start":{"line":136,"column":16},"end":{"line":136,"column":53}},"85":{"start":{"line":137,"column":16},"end":{"line":141,"column":19}},"86":{"start":{"line":145,"column":16},"end":{"line":145,"column":40}},"87":{"start":{"line":152,"column":8},"end":{"line":152,"column":47}},"88":{"start":{"line":155,"column":6},"end":{"line":155,"column":21}},"89":{"start":{"line":160,"column":21},"end":{"line":210,"column":9}},"90":{"start":{"line":164,"column":8},"end":{"line":209,"column":37}},"91":{"start":{"line":165,"column":10},"end":{"line":208,"column":11}},"92":{"start":{"line":166,"column":12},"end":{"line":207,"column":13}},"93":{"start":{"line":168,"column":16},"end":{"line":168,"column":35}},"94":{"start":{"line":169,"column":16},"end":{"line":169,"column":35}},"95":{"start":{"line":170,"column":16},"end":{"line":170,"column":68}},"96":{"start":{"line":173,"column":16},"end":{"line":173,"column":41}},"97":{"start":{"line":175,"column":16},"end":{"line":178,"column":17}},"98":{"start":{"line":176,"column":18},"end":{"line":176,"column":37}},"99":{"start":{"line":177,"column":18},"end":{"line":177,"column":24}},"100":{"start":{"line":180,"column":16},"end":{"line":185,"column":19}},"101":{"start":{"line":188,"column":16},"end":{"line":193,"column":19}},"102":{"start":{"line":196,"column":16},"end":{"line":196,"column":35}},"103":{"start":{"line":197,"column":16},"end":{"line":197,"column":53}},"104":{"start":{"line":198,"column":16},"end":{"line":202,"column":19}},"105":{"start":{"line":206,"column":16},"end":{"line":206,"column":40}},"106":{"start":{"line":213,"column":8},"end":{"line":213,"column":47}},"107":{"start":{"line":216,"column":6},"end":{"line":216,"column":21}},"108":{"start":{"line":221,"column":24},"end":{"line":276,"column":9}},"109":{"start":{"line":225,"column":8},"end":{"line":275,"column":37}},"110":{"start":{"line":226,"column":10},"end":{"line":274,"column":11}},"111":{"start":{"line":227,"column":12},"end":{"line":273,"column":13}},"112":{"start":{"line":229,"column":16},"end":{"line":229,"column":35}},"113":{"start":{"line":230,"column":16},"end":{"line":230,"column":35}},"114":{"start":{"line":231,"column":16},"end":{"line":236,"column":19}},"115":{"start":{"line":239,"column":16},"end":{"line":239,"column":46}},"116":{"start":{"line":241,"column":16},"end":{"line":244,"column":17}},"117":{"start":{"line":242,"column":18},"end":{"line":242,"column":37}},"118":{"start":{"line":243,"column":18},"end":{"line":243,"column":24}},"119":{"start":{"line":246,"column":16},"end":{"line":251,"column":19}},"120":{"start":{"line":254,"column":16},"end":{"line":259,"column":19}},"121":{"start":{"line":262,"column":16},"end":{"line":262,"column":35}},"122":{"start":{"line":263,"column":16},"end":{"line":263,"column":53}},"123":{"start":{"line":264,"column":16},"end":{"line":268,"column":19}},"124":{"start":{"line":272,"column":16},"end":{"line":272,"column":40}},"125":{"start":{"line":279,"column":8},"end":{"line":279,"column":50}},"126":{"start":{"line":282,"column":6},"end":{"line":282,"column":24}},"127":{"start":{"line":287,"column":24},"end":{"line":342,"column":9}},"128":{"start":{"line":291,"column":8},"end":{"line":341,"column":37}},"129":{"start":{"line":292,"column":10},"end":{"line":340,"column":11}},"130":{"start":{"line":293,"column":12},"end":{"line":339,"column":13}},"131":{"start":{"line":295,"column":16},"end":{"line":295,"column":35}},"132":{"start":{"line":296,"column":16},"end":{"line":296,"column":35}},"133":{"start":{"line":297,"column":16},"end":{"line":302,"column":19}},"134":{"start":{"line":305,"column":16},"end":{"line":305,"column":46}},"135":{"start":{"line":307,"column":16},"end":{"line":310,"column":17}},"136":{"start":{"line":308,"column":18},"end":{"line":308,"column":37}},"137":{"start":{"line":309,"column":18},"end":{"line":309,"column":24}},"138":{"start":{"line":312,"column":16},"end":{"line":317,"column":19}},"139":{"start":{"line":320,"column":16},"end":{"line":325,"column":19}},"140":{"start":{"line":328,"column":16},"end":{"line":328,"column":35}},"141":{"start":{"line":329,"column":16},"end":{"line":329,"column":53}},"142":{"start":{"line":330,"column":16},"end":{"line":334,"column":19}},"143":{"start":{"line":338,"column":16},"end":{"line":338,"column":40}},"144":{"start":{"line":345,"column":8},"end":{"line":345,"column":50}},"145":{"start":{"line":348,"column":6},"end":{"line":348,"column":24}},"146":{"start":{"line":399,"column":2},"end":{"line":399,"column":22}},"147":{"start":{"line":402,"column":0},"end":{"line":402,"column":31}}},"fnMap":{"0":{"name":"_objectSpread","decl":{"start":{"line":10,"column":9},"end":{"line":10,"column":22}},"loc":{"start":{"line":10,"column":31},"end":{"line":10,"column":481}},"line":10},"1":{"name":"(anonymous_1)","decl":{"start":{"line":10,"column":295},"end":{"line":10,"column":296}},"loc":{"start":{"line":10,"column":310},"end":{"line":10,"column":377}},"line":10},"2":{"name":"(anonymous_2)","decl":{"start":{"line":10,"column":399},"end":{"line":10,"column":400}},"loc":{"start":{"line":10,"column":414},"end":{"line":10,"column":460}},"line":10},"3":{"name":"_defineProperty","decl":{"start":{"line":12,"column":9},"end":{"line":12,"column":24}},"loc":{"start":{"line":12,"column":42},"end":{"line":12,"column":209}},"line":12},"4":{"name":"asyncGeneratorStep","decl":{"start":{"line":14,"column":9},"end":{"line":14,"column":27}},"loc":{"start":{"line":14,"column":75},"end":{"line":14,"column":265}},"line":14},"5":{"name":"_asyncToGenerator","decl":{"start":{"line":16,"column":9},"end":{"line":16,"column":26}},"loc":{"start":{"line":16,"column":31},"end":{"line":16,"column":389}},"line":16},"6":{"name":"(anonymous_6)","decl":{"start":{"line":16,"column":40},"end":{"line":16,"column":41}},"loc":{"start":{"line":16,"column":52},"end":{"line":16,"column":386}},"line":16},"7":{"name":"(anonymous_7)","decl":{"start":{"line":16,"column":108},"end":{"line":16,"column":109}},"loc":{"start":{"line":16,"column":135},"end":{"line":16,"column":382}},"line":16},"8":{"name":"_next","decl":{"start":{"line":16,"column":178},"end":{"line":16,"column":183}},"loc":{"start":{"line":16,"column":191},"end":{"line":16,"column":266}},"line":16},"9":{"name":"_throw","decl":{"start":{"line":16,"column":276},"end":{"line":16,"column":282}},"loc":{"start":{"line":16,"column":288},"end":{"line":16,"column":362}},"line":16},"10":{"name":"_classCallCheck","decl":{"start":{"line":18,"column":9},"end":{"line":18,"column":24}},"loc":{"start":{"line":18,"column":48},"end":{"line":18,"column":153}},"line":18},"11":{"name":"_defineProperties","decl":{"start":{"line":20,"column":9},"end":{"line":20,"column":26}},"loc":{"start":{"line":20,"column":42},"end":{"line":20,"column":317}},"line":20},"12":{"name":"_createClass","decl":{"start":{"line":22,"column":9},"end":{"line":22,"column":21}},"loc":{"start":{"line":22,"column":60},"end":{"line":22,"column":215}},"line":22},"13":{"name":"(anonymous_13)","decl":{"start":{"line":26,"column":0},"end":{"line":26,"column":1}},"loc":{"start":{"line":26,"column":12},"end":{"line":400,"column":1}},"line":26},"14":{"name":"MealsService","decl":{"start":{"line":27,"column":11},"end":{"line":27,"column":23}},"loc":{"start":{"line":27,"column":26},"end":{"line":29,"column":3}},"line":27},"15":{"name":"(anonymous_15)","decl":{"start":{"line":33,"column":11},"end":{"line":33,"column":12}},"loc":{"start":{"line":33,"column":23},"end":{"line":91,"column":5}},"line":33},"16":{"name":"_callee","decl":{"start":{"line":36,"column":39},"end":{"line":36,"column":46}},"loc":{"start":{"line":36,"column":49},"end":{"line":84,"column":7}},"line":36},"17":{"name":"_callee$","decl":{"start":{"line":38,"column":48},"end":{"line":38,"column":56}},"loc":{"start":{"line":38,"column":67},"end":{"line":83,"column":9}},"line":38},"18":{"name":"getAll","decl":{"start":{"line":86,"column":15},"end":{"line":86,"column":21}},"loc":{"start":{"line":86,"column":24},"end":{"line":88,"column":7}},"line":86},"19":{"name":"(anonymous_19)","decl":{"start":{"line":94,"column":11},"end":{"line":94,"column":12}},"loc":{"start":{"line":94,"column":23},"end":{"line":156,"column":5}},"line":94},"20":{"name":"_callee2","decl":{"start":{"line":97,"column":39},"end":{"line":97,"column":47}},"loc":{"start":{"line":97,"column":52},"end":{"line":149,"column":7}},"line":97},"21":{"name":"_callee2$","decl":{"start":{"line":99,"column":48},"end":{"line":99,"column":57}},"loc":{"start":{"line":99,"column":69},"end":{"line":148,"column":9}},"line":99},"22":{"name":"getMeal","decl":{"start":{"line":151,"column":15},"end":{"line":151,"column":22}},"loc":{"start":{"line":151,"column":27},"end":{"line":153,"column":7}},"line":151},"23":{"name":"(anonymous_23)","decl":{"start":{"line":159,"column":11},"end":{"line":159,"column":12}},"loc":{"start":{"line":159,"column":23},"end":{"line":217,"column":5}},"line":159},"24":{"name":"_callee3","decl":{"start":{"line":162,"column":39},"end":{"line":162,"column":47}},"loc":{"start":{"line":162,"column":54},"end":{"line":210,"column":7}},"line":162},"25":{"name":"_callee3$","decl":{"start":{"line":164,"column":48},"end":{"line":164,"column":57}},"loc":{"start":{"line":164,"column":69},"end":{"line":209,"column":9}},"line":164},"26":{"name":"addMeal","decl":{"start":{"line":212,"column":15},"end":{"line":212,"column":22}},"loc":{"start":{"line":212,"column":28},"end":{"line":214,"column":7}},"line":212},"27":{"name":"(anonymous_27)","decl":{"start":{"line":220,"column":11},"end":{"line":220,"column":12}},"loc":{"start":{"line":220,"column":23},"end":{"line":283,"column":5}},"line":220},"28":{"name":"_callee4","decl":{"start":{"line":223,"column":39},"end":{"line":223,"column":47}},"loc":{"start":{"line":223,"column":58},"end":{"line":276,"column":7}},"line":223},"29":{"name":"_callee4$","decl":{"start":{"line":225,"column":48},"end":{"line":225,"column":57}},"loc":{"start":{"line":225,"column":69},"end":{"line":275,"column":9}},"line":225},"30":{"name":"updateMeal","decl":{"start":{"line":278,"column":15},"end":{"line":278,"column":25}},"loc":{"start":{"line":278,"column":36},"end":{"line":280,"column":7}},"line":278},"31":{"name":"(anonymous_31)","decl":{"start":{"line":286,"column":11},"end":{"line":286,"column":12}},"loc":{"start":{"line":286,"column":23},"end":{"line":349,"column":5}},"line":286},"32":{"name":"_callee5","decl":{"start":{"line":289,"column":39},"end":{"line":289,"column":47}},"loc":{"start":{"line":289,"column":58},"end":{"line":342,"column":7}},"line":289},"33":{"name":"_callee5$","decl":{"start":{"line":291,"column":48},"end":{"line":291,"column":57}},"loc":{"start":{"line":291,"column":69},"end":{"line":341,"column":9}},"line":291},"34":{"name":"deleteMeal","decl":{"start":{"line":344,"column":15},"end":{"line":344,"column":25}},"loc":{"start":{"line":344,"column":36},"end":{"line":346,"column":7}},"line":344}},"branchMap":{"0":{"loc":{"start":{"line":10,"column":91},"end":{"line":10,"column":131}},"type":"cond-expr","locations":[{"start":{"line":10,"column":114},"end":{"line":10,"column":126}},{"start":{"line":10,"column":129},"end":{"line":10,"column":131}}],"line":10},"1":{"loc":{"start":{"line":10,"column":168},"end":{"line":10,"column":382}},"type":"if","locations":[{"start":{"line":10,"column":168},"end":{"line":10,"column":382}},{"start":{"line":10,"column":168},"end":{"line":10,"column":382}}],"line":10},"2":{"loc":{"start":{"line":12,"column":44},"end":{"line":12,"column":195}},"type":"if","locations":[{"start":{"line":12,"column":44},"end":{"line":12,"column":195}},{"start":{"line":12,"column":44},"end":{"line":12,"column":195}}],"line":12},"3":{"loc":{"start":{"line":14,"column":176},"end":{"line":14,"column":263}},"type":"if","locations":[{"start":{"line":14,"column":176},"end":{"line":14,"column":263}},{"start":{"line":14,"column":176},"end":{"line":14,"column":263}}],"line":14},"4":{"loc":{"start":{"line":18,"column":50},"end":{"line":18,"column":151}},"type":"if","locations":[{"start":{"line":18,"column":50},"end":{"line":18,"column":151}},{"start":{"line":18,"column":50},"end":{"line":18,"column":151}}],"line":18},"5":{"loc":{"start":{"line":20,"column":136},"end":{"line":20,"column":166}},"type":"binary-expr","locations":[{"start":{"line":20,"column":136},"end":{"line":20,"column":157}},{"start":{"line":20,"column":161},"end":{"line":20,"column":166}}],"line":20},"6":{"loc":{"start":{"line":20,"column":200},"end":{"line":20,"column":254}},"type":"if","locations":[{"start":{"line":20,"column":200},"end":{"line":20,"column":254}},{"start":{"line":20,"column":200},"end":{"line":20,"column":254}}],"line":20},"7":{"loc":{"start":{"line":22,"column":62},"end":{"line":22,"column":131}},"type":"if","locations":[{"start":{"line":22,"column":62},"end":{"line":22,"column":131}},{"start":{"line":22,"column":62},"end":{"line":22,"column":131}}],"line":22},"8":{"loc":{"start":{"line":22,"column":132},"end":{"line":22,"column":193}},"type":"if","locations":[{"start":{"line":22,"column":132},"end":{"line":22,"column":193}},{"start":{"line":22,"column":132},"end":{"line":22,"column":193}}],"line":22},"9":{"loc":{"start":{"line":40,"column":12},"end":{"line":81,"column":13}},"type":"switch","locations":[{"start":{"line":41,"column":14},"end":{"line":44,"column":48}},{"start":{"line":46,"column":14},"end":{"line":59,"column":19}},{"start":{"line":61,"column":14},"end":{"line":67,"column":19}},{"start":{"line":69,"column":14},"end":{"line":76,"column":19}},{"start":{"line":78,"column":14},"end":{"line":78,"column":22}},{"start":{"line":79,"column":14},"end":{"line":80,"column":39}}],"line":40},"10":{"loc":{"start":{"line":49,"column":16},"end":{"line":52,"column":17}},"type":"if","locations":[{"start":{"line":49,"column":16},"end":{"line":52,"column":17}},{"start":{"line":49,"column":16},"end":{"line":52,"column":17}}],"line":49},"11":{"loc":{"start":{"line":101,"column":12},"end":{"line":146,"column":13}},"type":"switch","locations":[{"start":{"line":102,"column":14},"end":{"line":109,"column":19}},{"start":{"line":111,"column":14},"end":{"line":124,"column":19}},{"start":{"line":126,"column":14},"end":{"line":132,"column":19}},{"start":{"line":134,"column":14},"end":{"line":141,"column":19}},{"start":{"line":143,"column":14},"end":{"line":143,"column":22}},{"start":{"line":144,"column":14},"end":{"line":145,"column":40}}],"line":101},"12":{"loc":{"start":{"line":114,"column":16},"end":{"line":117,"column":17}},"type":"if","locations":[{"start":{"line":114,"column":16},"end":{"line":117,"column":17}},{"start":{"line":114,"column":16},"end":{"line":117,"column":17}}],"line":114},"13":{"loc":{"start":{"line":166,"column":12},"end":{"line":207,"column":13}},"type":"switch","locations":[{"start":{"line":167,"column":14},"end":{"line":170,"column":68}},{"start":{"line":172,"column":14},"end":{"line":185,"column":19}},{"start":{"line":187,"column":14},"end":{"line":193,"column":19}},{"start":{"line":195,"column":14},"end":{"line":202,"column":19}},{"start":{"line":204,"column":14},"end":{"line":204,"column":22}},{"start":{"line":205,"column":14},"end":{"line":206,"column":40}}],"line":166},"14":{"loc":{"start":{"line":175,"column":16},"end":{"line":178,"column":17}},"type":"if","locations":[{"start":{"line":175,"column":16},"end":{"line":178,"column":17}},{"start":{"line":175,"column":16},"end":{"line":178,"column":17}}],"line":175},"15":{"loc":{"start":{"line":227,"column":12},"end":{"line":273,"column":13}},"type":"switch","locations":[{"start":{"line":228,"column":14},"end":{"line":236,"column":19}},{"start":{"line":238,"column":14},"end":{"line":251,"column":19}},{"start":{"line":253,"column":14},"end":{"line":259,"column":19}},{"start":{"line":261,"column":14},"end":{"line":268,"column":19}},{"start":{"line":270,"column":14},"end":{"line":270,"column":22}},{"start":{"line":271,"column":14},"end":{"line":272,"column":40}}],"line":227},"16":{"loc":{"start":{"line":241,"column":16},"end":{"line":244,"column":17}},"type":"if","locations":[{"start":{"line":241,"column":16},"end":{"line":244,"column":17}},{"start":{"line":241,"column":16},"end":{"line":244,"column":17}}],"line":241},"17":{"loc":{"start":{"line":293,"column":12},"end":{"line":339,"column":13}},"type":"switch","locations":[{"start":{"line":294,"column":14},"end":{"line":302,"column":19}},{"start":{"line":304,"column":14},"end":{"line":317,"column":19}},{"start":{"line":319,"column":14},"end":{"line":325,"column":19}},{"start":{"line":327,"column":14},"end":{"line":334,"column":19}},{"start":{"line":336,"column":14},"end":{"line":336,"column":22}},{"start":{"line":337,"column":14},"end":{"line":338,"column":40}}],"line":293},"18":{"loc":{"start":{"line":307,"column":16},"end":{"line":310,"column":17}},"type":"if","locations":[{"start":{"line":307,"column":16},"end":{"line":310,"column":17}},{"start":{"line":307,"column":16},"end":{"line":310,"column":17}}],"line":307}},"s":{"0":1,"1":1,"2":1,"3":0,"4":0,"5":0,"6":0,"7":0,"8":0,"9":0,"10":0,"11":0,"12":0,"13":0,"14":0,"15":0,"16":0,"17":0,"18":0,"19":0,"20":0,"21":0,"22":0,"23":0,"24":0,"25":5,"26":0,"27":0,"28":0,"29":0,"30":0,"31":0,"32":0,"33":3,"34":0,"35":1,"36":1,"37":5,"38":5,"39":5,"40":5,"41":5,"42":5,"43":1,"44":1,"45":1,"46":0,"47":1,"48":1,"49":3,"50":1,"51":1,"52":0,"53":0,"54":0,"55":0,"56":0,"57":0,"58":0,"59":0,"60":0,"61":0,"62":0,"63":0,"64":0,"65":0,"66":0,"67":0,"68":0,"69":1,"70":1,"71":0,"72":0,"73":0,"74":0,"75":0,"76":0,"77":0,"78":0,"79":0,"80":0,"81":0,"82":0,"83":0,"84":0,"85":0,"86":0,"87":0,"88":1,"89":1,"90":0,"91":0,"92":0,"93":0,"94":0,"95":0,"96":0,"97":0,"98":0,"99":0,"100":0,"101":0,"102":0,"103":0,"104":0,"105":0,"106":0,"107":1,"108":1,"109":0,"110":0,"111":0,"112":0,"113":0,"114":0,"115":0,"116":0,"117":0,"118":0,"119":0,"120":0,"121":0,"122":0,"123":0,"124":0,"125":0,"126":1,"127":1,"128":0,"129":0,"130":0,"131":0,"132":0,"133":0,"134":0,"135":0,"136":0,"137":0,"138":0,"139":0,"140":0,"141":0,"142":0,"143":0,"144":0,"145":1,"146":1,"147":1},"f":{"0":0,"1":0,"2":0,"3":0,"4":0,"5":5,"6":0,"7":0,"8":0,"9":0,"10":3,"11":1,"12":1,"13":1,"14":3,"15":1,"16":0,"17":0,"18":0,"19":1,"20":0,"21":0,"22":0,"23":1,"24":0,"25":0,"26":0,"27":1,"28":0,"29":0,"30":0,"31":1,"32":0,"33":0,"34":0},"b":{"0":[0,0],"1":[0,0],"2":[0,0],"3":[0,0],"4":[0,3],"5":[5,5],"6":[5,0],"7":[1,0],"8":[0,1],"9":[0,0,0,0,0,0],"10":[0,0],"11":[0,0,0,0,0,0],"12":[0,0],"13":[0,0,0,0,0,0],"14":[0,0],"15":[0,0,0,0,0,0],"16":[0,0],"17":[0,0,0,0,0,0],"18":[0,0]},"_coverageSchema":"43e27e138ebf9cfc5966b082cf9a028302ed4184","hash":"799141de66f5c8b0debeba6fbd17125c6357ae95","contentHash":"f106c43a009c766c0599251e5a1e482d1699a006ec03548a8ac7e50933d364fc"},"C:\\Users\\Olayinka\\alcwithforloop\\book-a-meal-app\\api\\database\\models\\index.js":{"path":"C:\\Users\\Olayinka\\alcwithforloop\\book-a-meal-app\\api\\database\\models\\index.js","statementMap":{"0":{"start":{"line":3,"column":9},"end":{"line":3,"column":22}},"1":{"start":{"line":5,"column":11},"end":{"line":5,"column":26}},"2":{"start":{"line":7,"column":16},"end":{"line":7,"column":36}},"3":{"start":{"line":9,"column":15},"end":{"line":9,"column":40}},"4":{"start":{"line":10,"column":10},"end":{"line":10,"column":47}},"5":{"start":{"line":12,"column":13},"end":{"line":12,"column":63}},"6":{"start":{"line":14,"column":9},"end":{"line":14,"column":11}},"7":{"start":{"line":17,"column":0},"end":{"line":21,"column":1}},"8":{"start":{"line":18,"column":2},"end":{"line":18,"column":74}},"9":{"start":{"line":20,"column":2},"end":{"line":20,"column":87}},"10":{"start":{"line":23,"column":0},"end":{"line":28,"column":3}},"11":{"start":{"line":24,"column":2},"end":{"line":24,"column":82}},"12":{"start":{"line":26,"column":14},"end":{"line":26,"column":61}},"13":{"start":{"line":27,"column":2},"end":{"line":27,"column":25}},"14":{"start":{"line":29,"column":0},"end":{"line":33,"column":3}},"15":{"start":{"line":30,"column":2},"end":{"line":32,"column":3}},"16":{"start":{"line":31,"column":4},"end":{"line":31,"column":32}},"17":{"start":{"line":34,"column":0},"end":{"line":34,"column":25}},"18":{"start":{"line":35,"column":0},"end":{"line":35,"column":25}},"19":{"start":{"line":36,"column":0},"end":{"line":36,"column":20}}},"fnMap":{"0":{"name":"(anonymous_0)","decl":{"start":{"line":23,"column":33},"end":{"line":23,"column":34}},"loc":{"start":{"line":23,"column":49},"end":{"line":25,"column":1}},"line":23},"1":{"name":"(anonymous_1)","decl":{"start":{"line":25,"column":11},"end":{"line":25,"column":12}},"loc":{"start":{"line":25,"column":27},"end":{"line":28,"column":1}},"line":25},"2":{"name":"(anonymous_2)","decl":{"start":{"line":29,"column":24},"end":{"line":29,"column":25}},"loc":{"start":{"line":29,"column":45},"end":{"line":33,"column":1}},"line":29}},"branchMap":{"0":{"loc":{"start":{"line":10,"column":10},"end":{"line":10,"column":47}},"type":"binary-expr","locations":[{"start":{"line":10,"column":10},"end":{"line":10,"column":30}},{"start":{"line":10,"column":34},"end":{"line":10,"column":47}}],"line":10},"1":{"loc":{"start":{"line":17,"column":0},"end":{"line":21,"column":1}},"type":"if","locations":[{"start":{"line":17,"column":0},"end":{"line":21,"column":1}},{"start":{"line":17,"column":0},"end":{"line":21,"column":1}}],"line":17},"2":{"loc":{"start":{"line":24,"column":9},"end":{"line":24,"column":81}},"type":"binary-expr","locations":[{"start":{"line":24,"column":9},"end":{"line":24,"column":32}},{"start":{"line":24,"column":36},"end":{"line":24,"column":53}},{"start":{"line":24,"column":57},"end":{"line":24,"column":81}}],"line":24},"3":{"loc":{"start":{"line":30,"column":2},"end":{"line":32,"column":3}},"type":"if","locations":[{"start":{"line":30,"column":2},"end":{"line":32,"column":3}},{"start":{"line":30,"column":2},"end":{"line":32,"column":3}}],"line":30}},"s":{"0":1,"1":1,"2":1,"3":1,"4":1,"5":1,"6":1,"7":1,"8":0,"9":1,"10":1,"11":7,"12":6,"13":6,"14":1,"15":6,"16":6,"17":1,"18":1,"19":1},"f":{"0":7,"1":6,"2":6},"b":{"0":[1,1],"1":[0,1],"2":[7,7,6],"3":[6,0]},"_coverageSchema":"43e27e138ebf9cfc5966b082cf9a028302ed4184","hash":"05d31b200e01619a45705d192f0fcc425b17ccc2","contentHash":"3e8beec2a195a11d586c6e698fccf5e950cf105b95a29b08969e18e5a4e41da2"},"C:\\Users\\Olayinka\\alcwithforloop\\book-a-meal-app\\api\\database\\models\\caterer.js":{"path":"C:\\Users\\Olayinka\\alcwithforloop\\book-a-meal-app\\api\\database\\models\\caterer.js","statementMap":{"0":{"start":{"line":3,"column":0},"end":{"line":32,"column":2}},"1":{"start":{"line":4,"column":16},"end":{"line":21,"column":4}},"2":{"start":{"line":23,"column":2},"end":{"line":29,"column":4}},"3":{"start":{"line":25,"column":4},"end":{"line":28,"column":7}},"4":{"start":{"line":31,"column":2},"end":{"line":31,"column":17}}},"fnMap":{"0":{"name":"(anonymous_0)","decl":{"start":{"line":3,"column":17},"end":{"line":3,"column":18}},"loc":{"start":{"line":3,"column":49},"end":{"line":32,"column":1}},"line":3},"1":{"name":"(anonymous_1)","decl":{"start":{"line":23,"column":22},"end":{"line":23,"column":23}},"loc":{"start":{"line":23,"column":40},"end":{"line":29,"column":3}},"line":23}},"branchMap":{},"s":{"0":1,"1":1,"2":1,"3":1,"4":1},"f":{"0":1,"1":1},"b":{},"_coverageSchema":"43e27e138ebf9cfc5966b082cf9a028302ed4184","hash":"cef1ca195af476245fd0b2131eee07ec4245da8a","contentHash":"0b2fc891331cb9f315f538b61277181ec1d3f6f2d5a89e6baad14e65dffe323c"},"C:\\Users\\Olayinka\\alcwithforloop\\book-a-meal-app\\api\\database\\models\\contact.js":{"path":"C:\\Users\\Olayinka\\alcwithforloop\\book-a-meal-app\\api\\database\\models\\contact.js","statementMap":{"0":{"start":{"line":3,"column":0},"end":{"line":22,"column":2}},"1":{"start":{"line":4,"column":16},"end":{"line":14,"column":4}},"2":{"start":{"line":16,"column":2},"end":{"line":19,"column":4}},"3":{"start":{"line":18,"column":4},"end":{"line":18,"column":35}},"4":{"start":{"line":21,"column":2},"end":{"line":21,"column":17}}},"fnMap":{"0":{"name":"(anonymous_0)","decl":{"start":{"line":3,"column":17},"end":{"line":3,"column":18}},"loc":{"start":{"line":3,"column":49},"end":{"line":22,"column":1}},"line":3},"1":{"name":"(anonymous_1)","decl":{"start":{"line":16,"column":22},"end":{"line":16,"column":23}},"loc":{"start":{"line":16,"column":40},"end":{"line":19,"column":3}},"line":16}},"branchMap":{},"s":{"0":1,"1":1,"2":1,"3":1,"4":1},"f":{"0":1,"1":1},"b":{},"_coverageSchema":"43e27e138ebf9cfc5966b082cf9a028302ed4184","hash":"54c5271ec11b3455efac97ee6fee56fef354c136","contentHash":"54317b8e8d2d0b55247eb067ad172647da58a1b0c9dc976ac6d6fbd39da78121"},"C:\\Users\\Olayinka\\alcwithforloop\\book-a-meal-app\\api\\database\\models\\meal.js":{"path":"C:\\Users\\Olayinka\\alcwithforloop\\book-a-meal-app\\api\\database\\models\\meal.js","statementMap":{"0":{"start":{"line":3,"column":0},"end":{"line":47,"column":2}},"1":{"start":{"line":4,"column":13},"end":{"line":29,"column":4}},"2":{"start":{"line":31,"column":2},"end":{"line":44,"column":4}},"3":{"start":{"line":33,"column":4},"end":{"line":36,"column":7}},"4":{"start":{"line":37,"column":4},"end":{"line":40,"column":7}},"5":{"start":{"line":46,"column":2},"end":{"line":46,"column":14}}},"fnMap":{"0":{"name":"(anonymous_0)","decl":{"start":{"line":3,"column":17},"end":{"line":3,"column":18}},"loc":{"start":{"line":3,"column":49},"end":{"line":47,"column":1}},"line":3},"1":{"name":"(anonymous_1)","decl":{"start":{"line":31,"column":19},"end":{"line":31,"column":20}},"loc":{"start":{"line":31,"column":37},"end":{"line":44,"column":3}},"line":31}},"branchMap":{},"s":{"0":1,"1":1,"2":1,"3":1,"4":1,"5":1},"f":{"0":1,"1":1},"b":{},"_coverageSchema":"43e27e138ebf9cfc5966b082cf9a028302ed4184","hash":"57ccc7fde03d8e3499caf744a546313a758ef816","contentHash":"4b2da6ce1ffc371259580e5b4d10541c6d9d963a7e6d054753758b0363444fbd"},"C:\\Users\\Olayinka\\alcwithforloop\\book-a-meal-app\\api\\database\\models\\menu.js":{"path":"C:\\Users\\Olayinka\\alcwithforloop\\book-a-meal-app\\api\\database\\models\\menu.js","statementMap":{"0":{"start":{"line":3,"column":0},"end":{"line":30,"column":2}},"1":{"start":{"line":4,"column":13},"end":{"line":19,"column":4}},"2":{"start":{"line":21,"column":2},"end":{"line":27,"column":4}},"3":{"start":{"line":23,"column":4},"end":{"line":26,"column":7}},"4":{"start":{"line":29,"column":2},"end":{"line":29,"column":14}}},"fnMap":{"0":{"name":"(anonymous_0)","decl":{"start":{"line":3,"column":17},"end":{"line":3,"column":18}},"loc":{"start":{"line":3,"column":49},"end":{"line":30,"column":1}},"line":3},"1":{"name":"(anonymous_1)","decl":{"start":{"line":21,"column":19},"end":{"line":21,"column":20}},"loc":{"start":{"line":21,"column":37},"end":{"line":27,"column":3}},"line":21}},"branchMap":{},"s":{"0":1,"1":1,"2":1,"3":1,"4":1},"f":{"0":1,"1":1},"b":{},"_coverageSchema":"43e27e138ebf9cfc5966b082cf9a028302ed4184","hash":"475c81b3ccd0e4423afb1f406ccda34616ef6ea8","contentHash":"d945de24872fe12f97eb14e01bc5256f5bf9926635bf3e0926dc29dcea15b23b"},"C:\\Users\\Olayinka\\alcwithforloop\\book-a-meal-app\\api\\database\\models\\order.js":{"path":"C:\\Users\\Olayinka\\alcwithforloop\\book-a-meal-app\\api\\database\\models\\order.js","statementMap":{"0":{"start":{"line":3,"column":0},"end":{"line":30,"column":2}},"1":{"start":{"line":4,"column":14},"end":{"line":22,"column":4}},"2":{"start":{"line":24,"column":2},"end":{"line":27,"column":4}},"3":{"start":{"line":26,"column":4},"end":{"line":26,"column":37}},"4":{"start":{"line":29,"column":2},"end":{"line":29,"column":15}}},"fnMap":{"0":{"name":"(anonymous_0)","decl":{"start":{"line":3,"column":17},"end":{"line":3,"column":18}},"loc":{"start":{"line":3,"column":49},"end":{"line":30,"column":1}},"line":3},"1":{"name":"(anonymous_1)","decl":{"start":{"line":24,"column":20},"end":{"line":24,"column":21}},"loc":{"start":{"line":24,"column":38},"end":{"line":27,"column":3}},"line":24}},"branchMap":{},"s":{"0":1,"1":1,"2":1,"3":1,"4":1},"f":{"0":1,"1":1},"b":{},"_coverageSchema":"43e27e138ebf9cfc5966b082cf9a028302ed4184","hash":"0d9557c76048feacb6cf9e9647eb62a1268aedd0","contentHash":"2c9912d2a6e7ee584c1ba0c59f0aed68d7e502c3f2f9259736d789ee0ed030e0"},"C:\\Users\\Olayinka\\alcwithforloop\\book-a-meal-app\\api\\database\\models\\user.js":{"path":"C:\\Users\\Olayinka\\alcwithforloop\\book-a-meal-app\\api\\database\\models\\user.js","statementMap":{"0":{"start":{"line":3,"column":0},"end":{"line":30,"column":2}},"1":{"start":{"line":4,"column":13},"end":{"line":21,"column":4}},"2":{"start":{"line":23,"column":2},"end":{"line":27,"column":4}},"3":{"start":{"line":26,"column":4},"end":{"line":26,"column":33}},"4":{"start":{"line":29,"column":2},"end":{"line":29,"column":14}}},"fnMap":{"0":{"name":"(anonymous_0)","decl":{"start":{"line":3,"column":17},"end":{"line":3,"column":18}},"loc":{"start":{"line":3,"column":49},"end":{"line":30,"column":1}},"line":3},"1":{"name":"(anonymous_1)","decl":{"start":{"line":23,"column":19},"end":{"line":23,"column":20}},"loc":{"start":{"line":23,"column":37},"end":{"line":27,"column":3}},"line":23}},"branchMap":{},"s":{"0":1,"1":1,"2":1,"3":1,"4":1},"f":{"0":1,"1":1},"b":{},"_coverageSchema":"43e27e138ebf9cfc5966b082cf9a028302ed4184","hash":"f3122c81e1308d96f55e1d8689570ac17838d634","contentHash":"20110c4dfce6ff6b88cc03b9f411eecfb75b9cd2f940959330f0271ecdbf8d15"},"C:\\Users\\Olayinka\\alcwithforloop\\book-a-meal-app\\api\\src\\routes\\MenuRoutes.js":{"path":"C:\\Users\\Olayinka\\alcwithforloop\\book-a-meal-app\\api\\src\\routes\\MenuRoutes.js","statementMap":{"0":{"start":{"line":3,"column":0},"end":{"line":5,"column":3}},"1":{"start":{"line":6,"column":0},"end":{"line":6,"column":25}},"2":{"start":{"line":8,"column":15},"end":{"line":8,"column":57}},"3":{"start":{"line":10,"column":12},"end":{"line":10,"column":66}},"4":{"start":{"line":12,"column":12},"end":{"line":12,"column":71}},"5":{"start":{"line":14,"column":22},"end":{"line":14,"column":86}},"6":{"start":{"line":16,"column":39},"end":{"line":16,"column":93}},"7":{"start":{"line":18,"column":21},"end":{"line":18,"column":50}},"8":{"start":{"line":20,"column":13},"end":{"line":20,"column":38}},"9":{"start":{"line":22,"column":0},"end":{"line":22,"column":93}},"10":{"start":{"line":23,"column":0},"end":{"line":23,"column":100}},"11":{"start":{"line":24,"column":0},"end":{"line":24,"column":104}},"12":{"start":{"line":25,"column":0},"end":{"line":25,"column":112}},"13":{"start":{"line":26,"column":15},"end":{"line":26,"column":21}},"14":{"start":{"line":27,"column":0},"end":{"line":27,"column":27}}},"fnMap":{"0":{"name":"_interopRequireDefault","decl":{"start":{"line":16,"column":9},"end":{"line":16,"column":31}},"loc":{"start":{"line":16,"column":37},"end":{"line":16,"column":95}},"line":16}},"branchMap":{"0":{"loc":{"start":{"line":16,"column":46},"end":{"line":16,"column":92}},"type":"cond-expr","locations":[{"start":{"line":16,"column":70},"end":{"line":16,"column":73}},{"start":{"line":16,"column":76},"end":{"line":16,"column":92}}],"line":16},"1":{"loc":{"start":{"line":16,"column":46},"end":{"line":16,"column":67}},"type":"binary-expr","locations":[{"start":{"line":16,"column":46},"end":{"line":16,"column":49}},{"start":{"line":16,"column":53},"end":{"line":16,"column":67}}],"line":16}},"s":{"0":1,"1":1,"2":1,"3":1,"4":1,"5":1,"6":4,"7":1,"8":1,"9":1,"10":1,"11":1,"12":1,"13":1,"14":1},"f":{"0":4},"b":{"0":[3,1],"1":[4,4]},"_coverageSchema":"43e27e138ebf9cfc5966b082cf9a028302ed4184","hash":"fd18caa5db63f22727c14408d070f49bc1f07bfb","contentHash":"e09c16f89623da3cd43ab3ff672f02d12b49ae3a333d55a505337a84e7d70233"},"C:\\Users\\Olayinka\\alcwithforloop\\book-a-meal-app\\api\\src\\middlewares\\menu.auth.js":{"path":"C:\\Users\\Olayinka\\alcwithforloop\\book-a-meal-app\\api\\src\\middlewares\\menu.auth.js","statementMap":{"0":{"start":{"line":3,"column":0},"end":{"line":5,"column":3}},"1":{"start":{"line":6,"column":0},"end":{"line":6,"column":25}},"2":{"start":{"line":8,"column":15},"end":{"line":8,"column":67}},"3":{"start":{"line":10,"column":39},"end":{"line":10,"column":93}},"4":{"start":{"line":12,"column":15},"end":{"line":92,"column":1}},"5":{"start":{"line":15,"column":4},"end":{"line":19,"column":5}},"6":{"start":{"line":16,"column":6},"end":{"line":18,"column":9}},"7":{"start":{"line":21,"column":25},"end":{"line":21,"column":56}},"8":{"start":{"line":22,"column":21},"end":{"line":22,"column":69}},"9":{"start":{"line":23,"column":18},"end":{"line":23,"column":71}},"10":{"start":{"line":25,"column":4},"end":{"line":29,"column":5}
[...]
tart":{"line":14,"column":9},"end":{"line":14,"column":38}},"loc":{"start":{"line":14,"column":57},"end":{"line":14,"column":307}},"line":14},"2":{"name":"_objectSpread","decl":{"start":{"line":16,"column":9},"end":{"line":16,"column":22}},"loc":{"start":{"line":16,"column":31},"end":{"line":16,"column":481}},"line":16},"3":{"name":"(anonymous_3)","decl":{"start":{"line":16,"column":295},"end":{"line":16,"column":296}},"loc":{"start":{"line":16,"column":310},"end":{"line":16,"column":377}},"line":16},"4":{"name":"(anonymous_4)","decl":{"start":{"line":16,"column":399},"end":{"line":16,"column":400}},"loc":{"start":{"line":16,"column":414},"end":{"line":16,"column":460}},"line":16},"5":{"name":"_defineProperty","decl":{"start":{"line":18,"column":9},"end":{"line":18,"column":24}},"loc":{"start":{"line":18,"column":42},"end":{"line":18,"column":209}},"line":18},"6":{"name":"asyncGeneratorStep","decl":{"start":{"line":20,"column":9},"end":{"line":20,"column":27}},"loc":{"start":{"line":20,"column":75},"end":{"line":20,"column":265}},"line":20},"7":{"name":"_asyncToGenerator","decl":{"start":{"line":22,"column":9},"end":{"line":22,"column":26}},"loc":{"start":{"line":22,"column":31},"end":{"line":22,"column":389}},"line":22},"8":{"name":"(anonymous_8)","decl":{"start":{"line":22,"column":40},"end":{"line":22,"column":41}},"loc":{"start":{"line":22,"column":52},"end":{"line":22,"column":386}},"line":22},"9":{"name":"(anonymous_9)","decl":{"start":{"line":22,"column":108},"end":{"line":22,"column":109}},"loc":{"start":{"line":22,"column":135},"end":{"line":22,"column":382}},"line":22},"10":{"name":"_next","decl":{"start":{"line":22,"column":178},"end":{"line":22,"column":183}},"loc":{"start":{"line":22,"column":191},"end":{"line":22,"column":266}},"line":22},"11":{"name":"_throw","decl":{"start":{"line":22,"column":276},"end":{"line":22,"column":282}},"loc":{"start":{"line":22,"column":288},"end":{"line":22,"column":362}},"line":22},"12":{"name":"_classCallCheck","decl":{"start":{"line":24,"column":9},"end":{"line":24,"column":24}},"loc":{"start":{"line":24,"column":48},"end":{"line":24,"column":153}},"line":24},"13":{"name":"_defineProperties","decl":{"start":{"line":26,"column":9},"end":{"line":26,"column":26}},"loc":{"start":{"line":26,"column":42},"end":{"line":26,"column":317}},"line":26},"14":{"name":"_createClass","decl":{"start":{"line":28,"column":9},"end":{"line":28,"column":21}},"loc":{"start":{"line":28,"column":60},"end":{"line":28,"column":215}},"line":28},"15":{"name":"(anonymous_15)","decl":{"start":{"line":33,"column":0},"end":{"line":33,"column":1}},"loc":{"start":{"line":33,"column":12},"end":{"line":461,"column":1}},"line":33},"16":{"name":"UserService","decl":{"start":{"line":34,"column":11},"end":{"line":34,"column":22}},"loc":{"start":{"line":34,"column":25},"end":{"line":36,"column":3}},"line":34},"17":{"name":"(anonymous_17)","decl":{"start":{"line":40,"column":11},"end":{"line":40,"column":12}},"loc":{"start":{"line":40,"column":23},"end":{"line":98,"column":5}},"line":40},"18":{"name":"_callee","decl":{"start":{"line":43,"column":39},"end":{"line":43,"column":46}},"loc":{"start":{"line":43,"column":49},"end":{"line":91,"column":7}},"line":43},"19":{"name":"_callee$","decl":{"start":{"line":45,"column":48},"end":{"line":45,"column":56}},"loc":{"start":{"line":45,"column":67},"end":{"line":90,"column":9}},"line":45},"20":{"name":"getAll","decl":{"start":{"line":93,"column":15},"end":{"line":93,"column":21}},"loc":{"start":{"line":93,"column":24},"end":{"line":95,"column":7}},"line":93},"21":{"name":"(anonymous_21)","decl":{"start":{"line":101,"column":11},"end":{"line":101,"column":12}},"loc":{"start":{"line":101,"column":23},"end":{"line":163,"column":5}},"line":101},"22":{"name":"_callee2","decl":{"start":{"line":104,"column":39},"end":{"line":104,"column":47}},"loc":{"start":{"line":104,"column":52},"end":{"line":156,"column":7}},"line":104},"23":{"name":"_callee2$","decl":{"start":{"line":106,"column":48},"end":{"line":106,"column":57}},"loc":{"start":{"line":106,"column":69},"end":{"line":155,"column":9}},"line":106},"24":{"name":"getUser","decl":{"start":{"line":158,"column":15},"end":{"line":158,"column":22}},"loc":{"start":{"line":158,"column":27},"end":{"line":160,"column":7}},"line":158},"25":{"name":"(anonymous_25)","decl":{"start":{"line":166,"column":11},"end":{"line":166,"column":12}},"loc":{"start":{"line":166,"column":23},"end":{"line":228,"column":5}},"line":166},"26":{"name":"_callee3","decl":{"start":{"line":169,"column":39},"end":{"line":169,"column":47}},"loc":{"start":{"line":169,"column":58},"end":{"line":221,"column":7}},"line":169},"27":{"name":"_callee3$","decl":{"start":{"line":171,"column":48},"end":{"line":171,"column":57}},"loc":{"start":{"line":171,"column":69},"end":{"line":220,"column":9}},"line":171},"28":{"name":"getUserByUsername","decl":{"start":{"line":223,"column":15},"end":{"line":223,"column":32}},"loc":{"start":{"line":223,"column":38},"end":{"line":225,"column":7}},"line":223},"29":{"name":"(anonymous_29)","decl":{"start":{"line":231,"column":11},"end":{"line":231,"column":12}},"loc":{"start":{"line":231,"column":23},"end":{"line":457,"column":5}},"line":231},"30":{"name":"_callee7","decl":{"start":{"line":234,"column":39},"end":{"line":234,"column":47}},"loc":{"start":{"line":234,"column":54},"end":{"line":450,"column":7}},"line":234},"31":{"name":"_callee7$","decl":{"start":{"line":237,"column":48},"end":{"line":237,"column":57}},"loc":{"start":{"line":237,"column":69},"end":{"line":449,"column":9}},"line":237},"32":{"name":"(anonymous_32)","decl":{"start":{"line":313,"column":16},"end":{"line":313,"column":17}},"loc":{"start":{"line":313,"column":28},"end":{"line":413,"column":17}},"line":313},"33":{"name":"_callee6","decl":{"start":{"line":316,"column":51},"end":{"line":316,"column":59}},"loc":{"start":{"line":316,"column":63},"end":{"line":408,"column":19}},"line":316},"34":{"name":"_callee6$","decl":{"start":{"line":317,"column":60},"end":{"line":317,"column":69}},"loc":{"start":{"line":317,"column":81},"end":{"line":407,"column":21}},"line":317},"35":{"name":"(anonymous_35)","decl":{"start":{"line":334,"column":28},"end":{"line":334,"column":29}},"loc":{"start":{"line":334,"column":40},"end":{"line":364,"column":29}},"line":334},"36":{"name":"_callee4","decl":{"start":{"line":337,"column":63},"end":{"line":337,"column":71}},"loc":{"start":{"line":337,"column":78},"end":{"line":359,"column":31}},"line":337},"37":{"name":"_callee4$","decl":{"start":{"line":338,"column":72},"end":{"line":338,"column":81}},"loc":{"start":{"line":338,"column":93},"end":{"line":358,"column":33}},"line":338},"38":{"name":"(anonymous_38)","decl":{"start":{"line":361,"column":37},"end":{"line":361,"column":38}},"loc":{"start":{"line":361,"column":52},"end":{"line":363,"column":31}},"line":361},"39":{"name":"(anonymous_39)","decl":{"start":{"line":366,"column":28},"end":{"line":366,"column":29}},"loc":{"start":{"line":366,"column":40},"end":{"line":395,"column":29}},"line":366},"40":{"name":"_callee5","decl":{"start":{"line":369,"column":63},"end":{"line":369,"column":71}},"loc":{"start":{"line":369,"column":78},"end":{"line":390,"column":31}},"line":369},"41":{"name":"_callee5$","decl":{"start":{"line":370,"column":72},"end":{"line":370,"column":81}},"loc":{"start":{"line":370,"column":93},"end":{"line":389,"column":33}},"line":370},"42":{"name":"(anonymous_42)","decl":{"start":{"line":392,"column":37},"end":{"line":392,"column":38}},"loc":{"start":{"line":392,"column":52},"end":{"line":394,"column":31}},"line":392},"43":{"name":"(anonymous_43)","decl":{"start":{"line":395,"column":39},"end":{"line":395,"column":40}},"loc":{"start":{"line":395,"column":54},"end":{"line":397,"column":29}},"line":395},"44":{"name":"(anonymous_44)","decl":{"start":{"line":410,"column":25},"end":{"line":410,"column":26}},"loc":{"start":{"line":410,"column":40},"end":{"line":412,"column":19}},"line":410},"45":{"name":"addUser","decl":{"start":{"line":452,"column":15},"end":{"line":452,"column":22}},"loc":{"start":{"line":452,"column":28},"end":{"line":454,"column":7}},"line":452}},"branchMap":{"0":{"loc":{"start":{"line":12,"column":54},"end":{"line":12,"column":84}},"type":"if","locations":[{"start":{"line":12,"column":54},"end":{"line":12,"column":84}},{"start":{"line":12,"column":54},"end":{"line":12,"column":84}}],"line":12},"1":{"loc":{"start":{"line":12,"column":159},"end":{"line":12,"column":475}},"type":"if","locations":[{"start":{"line":12,"column":159},"end":{"line":12,"column":475}},{"start":{"line":12,"column":159},"end":{"line":12,"column":475}}],"line":12},"2":{"loc":{"start":{"line":12,"column":331},"end":{"line":12,"column":372}},"type":"if","locations":[{"start":{"line":12,"column":331},"end":{"line":12,"column":372}},{"start":{"line":12,"column":331},"end":{"line":12,"column":372}}],"line":12},"3":{"loc":{"start":{"line":12,"column":373},"end":{"line":12,"column":444}},"type":"if","locations":[{"start":{"line":12,"column":373},"end":{"line":12,"column":444}},{"start":{"line":12,"column":373},"end":{"line":12,"column":444}}],"line":12},"4":{"loc":{"start":{"line":14,"column":59},"end":{"line":14,"column":89}},"type":"if","locations":[{"start":{"line":14,"column":59},"end":{"line":14,"column":89}},{"start":{"line":14,"column":59},"end":{"line":14,"column":89}}],"line":14},"5":{"loc":{"start":{"line":14,"column":220},"end":{"line":14,"column":261}},"type":"if","locations":[{"start":{"line":14,"column":220},"end":{"line":14,"column":261}},{"start":{"line":14,"column":220},"end":{"line":14,"column":261}}],"line":14},"6":{"loc":{"start":{"line":16,"column":91},"end":{"line":16,"column":131}},"type":"cond-expr","locations":[{"start":{"line":16,"column":114},"end":{"line":16,"column":126}},{"start":{"line":16,"column":129},"end":{"line":16,"column":131}}],"line":16},"7":{"loc":{"start":{"line":16,"column":168},"end":{"line":16,"column":382}},"type":"if","locations":[{"start":{"line":16,"column":168},"end":{"line":16,"column":382}},{"start":{"line":16,"column":168},"end":{"line":16,"column":382}}],"line":16},"8":{"loc":{"start":{"line":18,"column":44},"end":{"line":18,"column":195}},"type":"if","locations":[{"start":{"line":18,"column":44},"end":{"line":18,"column":195}},{"start":{"line":18,"column":44},"end":{"line":18,"column":195}}],"line":18},"9":{"loc":{"start":{"line":20,"column":176},"end":{"line":20,"column":263}},"type":"if","locations":[{"start":{"line":20,"column":176},"end":{"line":20,"column":263}},{"start":{"line":20,"column":176},"end":{"line":20,"column":263}}],"line":20},"10":{"loc":{"start":{"line":24,"column":50},"end":{"line":24,"column":151}},"type":"if","locations":[{"start":{"line":24,"column":50},"end":{"line":24,"column":151}},{"start":{"line":24,"column":50},"end":{"line":24,"column":151}}],"line":24},"11":{"loc":{"start":{"line":26,"column":136},"end":{"line":26,"column":166}},"type":"binary-expr","locations":[{"start":{"line":26,"column":136},"end":{"line":26,"column":157}},{"start":{"line":26,"column":161},"end":{"line":26,"column":166}}],"line":26},"12":{"loc":{"start":{"line":26,"column":200},"end":{"line":26,"column":254}},"type":"if","locations":[{"start":{"line":26,"column":200},"end":{"line":26,"column":254}},{"start":{"line":26,"column":200},"end":{"line":26,"column":254}}],"line":26},"13":{"loc":{"start":{"line":28,"column":62},"end":{"line":28,"column":131}},"type":"if","locations":[{"start":{"line":28,"column":62},"end":{"line":28,"column":131}},{"start":{"line":28,"column":62},"end":{"line":28,"column":131}}],"line":28},"14":{"loc":{"start":{"line":28,"column":132},"end":{"line":28,"column":193}},"type":"if","locations":[{"start":{"line":28,"column":132},"end":{"line":28,"column":193}},{"start":{"line":28,"column":132},"end":{"line":28,"column":193}}],"line":28},"15":{"loc":{"start":{"line":47,"column":12},"end":{"line":88,"column":13}},"type":"switch","locations":[{"start":{"line":48,"column":14},"end":{"line":51,"column":48}},{"start":{"line":53,"column":14},"end":{"line":66,"column":19}},{"start":{"line":68,"column":14},"end":{"line":74,"column":19}},{"start":{"line":76,"column":14},"end":{"line":83,"column":19}},{"start":{"line":85,"column":14},"end":{"line":85,"column":22}},{"start":{"line":86,"column":14},"end":{"line":87,"column":39}}],"line":47},"16":{"loc":{"start":{"line":56,"column":16},"end":{"line":59,"column":17}},"type":"if","locations":[{"start":{"line":56,"column":16},"end":{"line":59,"column":17}},{"start":{"line":56,"column":16},"end":{"line":59,"column":17}}],"line":56},"17":{"loc":{"start":{"line":108,"column":12},"end":{"line":153,"column":13}},"type":"switch","locations":[{"start":{"line":109,"column":14},"end":{"line":116,"column":19}},{"start":{"line":118,"column":14},"end":{"line":131,"column":19}},{"start":{"line":133,"column":14},"end":{"line":139,"column":19}},{"start":{"line":141,"column":14},"end":{"line":148,"column":19}},{"start":{"line":150,"column":14},"end":{"line":150,"column":22}},{"start":{"line":151,"column":14},"end":{"line":152,"column":40}}],"line":108},"18":{"loc":{"start":{"line":121,"column":16},"end":{"line":124,"column":17}},"type":"if","locations":[{"start":{"line":121,"column":16},"end":{"line":124,"column":17}},{"start":{"line":121,"column":16},"end":{"line":124,"column":17}}],"line":121},"19":{"loc":{"start":{"line":173,"column":12},"end":{"line":218,"column":13}},"type":"switch","locations":[{"start":{"line":174,"column":14},"end":{"line":181,"column":19}},{"start":{"line":183,"column":14},"end":{"line":196,"column":19}},{"start":{"line":198,"column":14},"end":{"line":204,"column":19}},{"start":{"line":206,"column":14},"end":{"line":213,"column":19}},{"start":{"line":215,"column":14},"end":{"line":215,"column":22}},{"start":{"line":216,"column":14},"end":{"line":217,"column":40}}],"line":173},"20":{"loc":{"start":{"line":186,"column":16},"end":{"line":189,"column":17}},"type":"if","locations":[{"start":{"line":186,"column":16},"end":{"line":189,"column":17}},{"start":{"line":186,"column":16},"end":{"line":189,"column":17}}],"line":186},"21":{"loc":{"start":{"line":239,"column":12},"end":{"line":447,"column":13}},"type":"switch","locations":[{"start":{"line":240,"column":14},"end":{"line":249,"column":19}},{"start":{"line":251,"column":14},"end":{"line":258,"column":19}},{"start":{"line":260,"column":14},"end":{"line":273,"column":19}},{"start":{"line":275,"column":14},"end":{"line":286,"column":19}},{"start":{"line":288,"column":14},"end":{"line":297,"column":26}},{"start":{"line":299,"column":14},"end":{"line":300,"column":41}},{"start":{"line":302,"column":14},"end":{"line":413,"column":21}},{"start":{"line":415,"column":14},"end":{"line":416,"column":31}},{"start":{"line":418,"column":14},"end":{"line":429,"column":19}},{"start":{"line":431,"column":14},"end":{"line":433,"column":22}},{"start":{"line":435,"column":14},"end":{"line":442,"column":19}},{"start":{"line":444,"column":14},"end":{"line":444,"column":22}},{"start":{"line":445,"column":14},"end":{"line":446,"column":40}}],"line":239},"22":{"loc":{"start":{"line":263,"column":16},"end":{"line":266,"column":17}},"type":"if","locations":[{"start":{"line":263,"column":16},"end":{"line":266,"column":17}},{"start":{"line":263,"column":16},"end":{"line":266,"column":17}}],"line":263},"23":{"loc":{"start":{"line":276,"column":16},"end":{"line":279,"column":17}},"type":"if","locations":[{"start":{"line":276,"column":16},"end":{"line":279,"column":17}},{"start":{"line":276,"column":16},"end":{"line":279,"column":17}}],"line":276},"24":{"loc":{"start":{"line":289,"column":16},"end":{"line":292,"column":17}},"type":"if","locations":[{"start":{"line":289,"column":16},"end":{"line":292,"column":17}},{"start":{"line":289,"column":16},"end":{"line":292,"column":17}}],"line":289},"25":{"loc":{"start":{"line":303,"column":16},"end":{"line":306,"column":17}},"type":"if","locations":[{"start":{"line":303,"column":16},"end":{"line":306,"column":17}},{"start":{"line":303,"column":16},"end":{"line":306,"column":17}}],"line":303},"26":{"loc":{"start":{"line":319,"column":24},"end":{"line":405,"column":25}},"type":"switch","locations":[{"start":{"line":320,"column":26},"end":{"line":397,"column":31}},{"start":{"line":399,"column":26},"end":{"line":400,"column":78}},{"start":{"line":402,"column":26},"end":{"line":402,"column":33}},{"start":{"line":403,"column":26},"end":{"line":404,"column":52}}],"line":319},"27":{"loc":{"start":{"line":340,"column":36},"end":{"line":356,"column":37}},"type":"switch","locations":[{"start":{"line":341,"column":38},"end":{"line":348,"column":43}},{"start":{"line":350,"column":38},"end":{"line":351,"column":90}},{"start":{"line":353,"column":38},"end":{"line":353,"column":45}},{"start":{"line":354,"column":38},"end":{"line":355,"column":64}}],"line":340},"28":{"loc":{"start":{"line":372,"column":36},"end":{"line":387,"column":37}},"type":"switch","locations":[{"start":{"line":373,"column":38},"end":{"line":379,"column":43}},{"start":{"line":381,"column":38},"end":{"line":382,"column":90}},{"start":{"line":384,"column":38},"end":{"line":384,"column":45}},{"start":{"line":385,"column":38},"end":{"line":386,"column":64}}],"line":372},"29":{"loc":{"start":{"line":419,"column":16},"end":{"line":422,"column":17}},"type":"if","locations":[{"start":{"line":419,"column":16},"end":{"line":422,"column":17}},{"start":{"line":419,"column":16},"end":{"line":422,"column":17}}],"line":419}},"s":{"0":1,"1":1,"2":1,"3":1,"4":1,"5":0,"6":1,"7":1,"8":1,"9":1,"10":0,"11":0,"12":0,"13":0,"14":0,"15":0,"16":1,"17":1,"18":0,"19":1,"20":1,"21":1,"22":13,"23":13,"24":5,"25":8,"26":1,"27":2,"28":2,"29":2,"30":2,"31":2,"32":2,"33":0,"34":2,"35":18,"36":2,"37":18,"38":1,"39":17,"40":18,"41":16,"42":16,"43":16,"44":0,"45":0,"46":16,"47":6,"48":10,"49":7,"50":6,"51":6,"52":6,"53":6,"54":16,"55":0,"56":6,"57":3,"58":0,"59":1,"60":1,"61":4,"62":4,"63":4,"64":4,"65":4,"66":4,"67":1,"68":1,"69":1,"70":0,"71":1,"72":1,"73":3,"74":1,"75":1,"76":0,"77":0,"78":0,"79":0,"80":0,"81":0,"82":0,"83":0,"84":0,"85":0,"86":0,"87":0,"88":0,"89":0,"90":0,"91":0,"92":0,"93":1,"94":1,"95":0,"96":0,"97":0,"98":0,"99":0,"100":0,"101":0,"102":0,"103":0,"104":0,"105":0,"106":0,"107":0,"108":0,"109":0,"110":0,"111":0,"112":1,"113":1,"114":1,"115":3,"116":3,"117":1,"118":1,"119":1,"120":1,"121":1,"122":0,"123":0,"124":1,"125":0,"126":0,"127":0,"128":0,"129":1,"130":1,"131":1,"132":1,"133":2,"134":10,"135":16,"136":2,"137":2,"138":2,"139":2,"140":2,"141":2,"142":2,"143":2,"144":2,"145":2,"146":2,"147":0,"148":2,"149":2,"150":2,"151":0,"152":2,"153":1,"154":1,"155":1,"156":1,"157":1,"158":2,"159":1,"160":1,"161":1,"162":1,"163":1,"164":1,"165":1,"166":1,"167":3,"168":3,"169":1,"170":1,"171":1,"172":1,"173":3,"174":3,"175":1,"176":1,"177":1,"178":1,"179":1,"180":1,"181":1,"182":1,"183":3,"184":3,"185":1,"186":1,"187":1,"188":1,"189":1,"190":1,"191":0,"192":1,"193":1,"194":1,"195":1,"196":1,"197":2,"198":0,"199":0,"200":2,"201":0,"202":0,"203":0,"204":0,"205":0,"206":2,"207":2,"208":1,"209":1,"210":1},"f":{"0":1,"1":1,"2":2,"3":0,"4":18,"5":18,"6":16,"7":7,"8":6,"9":6,"10":16,"11":0,"12":3,"13":1,"14":1,"15":1,"16":3,"17":1,"18":0,"19":0,"20":0,"21":1,"22":0,"23":0,"24":0,"25":1,"26":1,"27":3,"28":1,"29":1,"30":2,"31":10,"32":1,"33":1,"34":3,"35":1,"36":1,"37":3,"38":1,"39":1,"40":1,"41":3,"42":1,"43":0,"44":1,"45":2},"b":{"0":[0,1],"1":[1,0],"2":[0,0],"3":[0,0],"4":[0,1],"5":[5,8],"6":[2,0],"7":[2,0],"8":[1,17],"9":[6,10],"10":[0,3],"11":[4,4],"12":[4,0],"13":[1,0],"14":[0,1],"15":[0,0,0,0,0,0],"16":[0,0],"17":[0,0,0,0,0,0],"18":[0,0],"19":[1,1,0,0,0,1],"20":[0,1],"21":[2,2,2,2,2,1,2,1,2,0,0,0,2],"22":[2,0],"23":[2,0],"24":[1,1],"25":[1,1],"26":[1,1,0,1],"27":[1,1,0,1],"28":[1,1,0,1],"29":[0,2]},"_coverageSchema":"43e27e138ebf9cfc5966b082cf9a028302ed4184","hash":"9401e471ef024a42bb9f9def3f9122b6d0645856","contentHash":"0923c63258851a18d9a44091df0523396ce1d5180e4962aef541eb7d451aa2b8"}}