TN:
SF:C:\Users\Olayinka\alcwithforloop\book-a-meal-app\api\database\models/caterer.js
FN:2,(anonymous_0)
FN:21,(anonymous_1)
FNF:2
FNH:2
FNDA:1,(anonymous_0)
FNDA:1,(anonymous_1)
DA:2,1
DA:3,1
DA:21,1
DA:23,1
DA:29,1
LF:5
LH:5
BRF:0
BRH:0
end_of_record
TN:
SF:C:\Users\Olayinka\alcwithforloop\book-a-meal-app\api\database\models/contact.js
FN:2,(anonymous_0)
FN:14,(anonymous_1)
FNF:2
FNH:2
FNDA:1,(anonymous_0)
FNDA:1,(anonymous_1)
DA:2,1
DA:3,1
DA:14,1
DA:16,1
DA:18,1
LF:5
LH:5
BRF:0
BRH:0
end_of_record
TN:
SF:C:\Users\Olayinka\alcwithforloop\book-a-meal-app\api\database\models/index.js
FN:20,(anonymous_0)
FN:23,(anonymous_1)
FN:28,(anonymous_2)
FNF:3
FNH:3
FNDA:7,(anonymous_0)
FNDA:6,(anonymous_1)
FNDA:6,(anonymous_2)
DA:3,1
DA:4,1
DA:5,1
DA:6,1
DA:7,1
DA:8,1
DA:9,1
DA:12,1
DA:13,0
DA:15,1
DA:18,1
DA:21,7
DA:24,6
DA:25,6
DA:28,1
DA:29,6
DA:30,6
DA:34,1
DA:35,1
DA:37,1
LF:20
LH:19
BRDA:7,0,0,1
BRDA:7,0,1,1
BRDA:12,1,0,0
BRDA:12,1,1,1
BRDA:21,2,0,7
BRDA:21,2,1,7
BRDA:21,2,2,6
BRDA:29,3,0,6
BRDA:29,3,1,0
BRF:9
BRH:7
end_of_record
TN:
SF:C:\Users\Olayinka\alcwithforloop\book-a-meal-app\api\database\models/meal.js
FN:2,(anonymous_0)
FN:30,(anonymous_1)
FNF:2
FNH:2
FNDA:1,(anonymous_0)
FNDA:1,(anonymous_1)
DA:2,1
DA:3,1
DA:30,1
DA:32,1
DA:36,1
DA:46,1
LF:6
LH:6
BRF:0
BRH:0
end_of_record
TN:
SF:C:\Users\Olayinka\alcwithforloop\book-a-meal-app\api\database\models/menu.js
FN:2,(anonymous_0)
FN:19,(anonymous_1)
FNF:2
FNH:2
FNDA:1,(anonymous_0)
FNDA:1,(anonymous_1)
DA:2,1
DA:3,1
DA:19,1
DA:21,1
DA:26,1
LF:5
LH:5
BRF:0
BRH:0
end_of_record
TN:
SF:C:\Users\Olayinka\alcwithforloop\book-a-meal-app\api\database\models/order.js
FN:2,(anonymous_0)
FN:22,(anonymous_1)
FNF:2
FNH:2
FNDA:1,(anonymous_0)
FNDA:1,(anonymous_1)
DA:2,1
DA:3,1
DA:22,1
DA:24,1
DA:26,1
LF:5
LH:5
BRF:0
BRH:0
end_of_record
TN:
SF:C:\Users\Olayinka\alcwithforloop\book-a-meal-app\api\database\models/user.js
FN:2,(anonymous_0)
FN:17,(anonymous_1)
FNF:2
FNH:2
FNDA:1,(anonymous_0)
FNDA:1,(anonymous_1)
DA:2,1
DA:3,1
DA:17,1
DA:20,1
DA:22,1
LF:5
LH:5
BRF:0
BRH:0
end_of_record
TN:
SF:C:\Users\Olayinka\alcwithforloop\book-a-meal-app\api\src/index.js
FN:30,(anonymous_1)
FNF:1
FNH:1
FNDA:1,(anonymous_1)
DA:2,1
DA:3,1
DA:4,1
DA:5,1
DA:6,1
DA:7,1
DA:10,1
DA:11,1
DA:23,1
DA:24,1
DA:25,1
DA:26,1
DA:28,1
DA:29,1
DA:30,1
DA:31,1
LF:16
LH:16
BRDA:30,0,0,1
BRDA:30,0,1,1
BRF:2
BRH:2
end_of_record
TN:
SF:C:\Users\Olayinka\alcwithforloop\book-a-meal-app\api\src\controllers/MealsController.js
FN:4,MealsController
FN:9,(anonymous_13)
FN:9,_callee
FN:23,(anonymous_18)
FN:23,_callee2
FN:37,(anonymous_23)
FN:37,_callee3
FN:55,(anonymous_28)
FN:55,_callee4
FN:70,(anonymous_33)
FN:70,_callee5
FNF:11
FNH:10
FNDA:1,MealsController
FNDA:2,(anonymous_13)
FNDA:3,_callee
FNDA:1,(anonymous_18)
FNDA:0,_callee2
FNDA:2,(anonymous_23)
FNDA:3,_callee3
FNDA:2,(anonymous_28)
FNDA:3,_callee4
FNDA:2,(anonymous_33)
FNDA:3,_callee5
DA:1,1
DA:4,1
DA:5,1
DA:9,8
DA:10,1
DA:11,1
DA:12,1
DA:13,1
DA:14,1
DA:15,1
DA:17,0
DA:23,3
DA:24,0
DA:25,0
DA:26,0
DA:27,0
DA:28,0
DA:29,0
DA:31,0
DA:37,8
DA:38,1
DA:40,1
DA:41,1
DA:42,1
DA:43,1
DA:44,1
DA:45,1
DA:47,0
DA:54,1
DA:55,8
DA:56,1
DA:58,1
DA:59,1
DA:60,1
DA:61,1
DA:63,0
DA:69,1
DA:70,8
DA:71,1
DA:73,1
DA:74,1
DA:75,1
DA:76,1
DA:78,0
LF:44
LH:33
BRDA:9,0,0,1
BRDA:9,0,1,1
BRDA:9,0,2,1
BRDA:9,0,3,1
BRDA:14,1,0,1
BRDA:14,1,1,0
BRDA:23,2,0,0
BRDA:23,2,1,0
BRDA:23,2,2,0
BRDA:23,2,3,0
BRDA:28,3,0,0
BRDA:28,3,1,0
BRDA:37,4,0,1
BRDA:37,4,1,1
BRDA:37,4,2,1
BRDA:37,4,3,1
BRDA:44,5,0,1
BRDA:44,5,1,0
BRDA:55,6,0,1
BRDA:55,6,1,1
BRDA:55,6,2,1
BRDA:55,6,3,1
BRDA:60,7,0,1
BRDA:60,7,1,0
BRDA:70,8,0,1
BRDA:70,8,1,1
BRDA:70,8,2,1
BRDA:70,8,3,1
BRDA:75,9,0,1
BRDA:75,9,1,0
BRF:30
BRH:20
end_of_record
TN:
SF:C:\Users\Olayinka\alcwithforloop\book-a-meal-app\api\src\controllers/MenuController.js
FN:4,MenuController
FN:13,(anonymous_13)
FN:13,_callee
FN:28,(anonymous_18)
FN:28,_callee2
FN:43,(anonymous_23)
FN:43,_callee3
FN:57,(anonymous_28)
FN:57,_callee4
FN:72,(anonymous_33)
FN:72,_callee5
FNF:11
FNH:8
FNDA:2,MenuController
FNDA:1,(anonymous_13)
FNDA:0,_callee
FNDA:2,(anonymous_18)
FNDA:3,_callee2
FNDA:0,(anonymous_23)
FNDA:0,_callee3
FNDA:2,(anonymous_28)
FNDA:3,_callee4
FNDA:2,(anonymous_33)
FNDA:3,_callee5
DA:1,1
DA:4,2
DA:13,3
DA:14,0
DA:15,0
DA:16,0
DA:17,0
DA:18,0
DA:19,0
DA:21,0
DA:27,1
DA:28,8
DA:29,1
DA:30,1
DA:31,1
DA:32,1
DA:33,1
DA:35,0
DA:42,0
DA:43,0
DA:44,0
DA:45,0
DA:46,0
DA:47,0
DA:48,0
DA:50,0
DA:56,1
DA:57,8
DA:58,1
DA:59,1
DA:60,1
DA:61,1
DA:62,1
DA:63,1
DA:65,0
DA:72,8
DA:73,1
DA:74,1
DA:75,1
DA:76,1
DA:77,1
DA:78,1
DA:79,1
DA:81,0
LF:44
LH:26
BRDA:13,0,0,0
BRDA:13,0,1,0
BRDA:13,0,2,0
BRDA:13,0,3,0
BRDA:18,1,0,0
BRDA:18,1,1,0
BRDA:28,2,0,1
BRDA:28,2,1,1
BRDA:28,2,2,1
BRDA:28,2,3,1
BRDA:32,3,0,1
BRDA:32,3,1,0
BRDA:43,4,0,0
BRDA:43,4,1,0
BRDA:43,4,2,0
BRDA:43,4,3,0
BRDA:47,5,0,0
BRDA:47,5,1,0
BRDA:57,6,0,1
BRDA:57,6,1,1
BRDA:57,6,2,1
BRDA:57,6,3,1
BRDA:62,7,0,1
BRDA:62,7,1,0
BRDA:72,8,0,1
BRDA:72,8,1,1
BRDA:72,8,2,1
BRDA:72,8,3,1
BRDA:78,9,0,1
BRDA:78,9,1,0
BRF:30
BRH:15
end_of_record
TN:
SF:C:\Users\Olayinka\alcwithforloop\book-a-meal-app\api\src\controllers/OrdersController.js
FN:4,OrdersController
FN:8,(anonymous_13)
FN:8,_callee
FN:22,(anonymous_18)
FN:22,_callee2
FN:39,(anonymous_23)
FN:39,_callee3
FN:63,(anonymous_28)
FN:63,_callee4
FNF:9
FNH:9
FNDA:1,OrdersController
FNDA:2,(anonymous_13)
FNDA:3,_callee
FNDA:2,(anonymous_18)
FNDA:3,_callee2
FNDA:2,(anonymous_23)
FNDA:4,_callee3
FNDA:2,(anonymous_28)
FNDA:4,_callee4
DA:1,1
DA:4,1
DA:8,8
DA:9,1
DA:10,1
DA:11,1
DA:12,1
DA:13,1
DA:14,1
DA:16,0
DA:22,8
DA:23,1
DA:24,1
DA:26,1
DA:27,1
DA:28,1
DA:29,1
DA:30,1
DA:32,0
DA:38,1
DA:39,16
DA:40,1
DA:41,1
DA:42,1
DA:43,1
DA:44,1
DA:47,1
DA:48,1
DA:49,1
DA:50,1
DA:51,1
DA:53,0
DA:56,0
DA:62,1
DA:63,16
DA:64,1
DA:65,1
DA:66,1
DA:67,1
DA:68,1
DA:70,1
DA:71,1
DA:72,1
DA:73,1
DA:74,1
DA:76,0
DA:79,0
LF:47
LH:41
BRDA:8,0,0,1
BRDA:8,0,1,1
BRDA:8,0,2,1
BRDA:8,0,3,1
BRDA:13,1,0,1
BRDA:13,1,1,0
BRDA:22,2,0,1
BRDA:22,2,1,1
BRDA:22,2,2,1
BRDA:22,2,3,1
BRDA:29,3,0,1
BRDA:29,3,1,0
BRDA:39,4,0,1
BRDA:39,4,1,1
BRDA:39,4,2,1
BRDA:39,4,3,0
BRDA:39,4,4,1
BRDA:39,4,5,1
BRDA:39,5,0,0
BRDA:39,5,1,1
BRDA:46,6,0,1
BRDA:46,6,1,1
BRDA:50,7,0,1
BRDA:50,7,1,0
BRDA:63,8,0,1
BRDA:63,8,1,1
BRDA:63,8,2,1
BRDA:63,8,3,0
BRDA:63,8,4,1
BRDA:63,8,5,1
BRDA:63,9,0,0
BRDA:63,9,1,1
BRDA:69,10,0,1
BRDA:69,10,1,1
BRDA:73,11,0,1
BRDA:73,11,1,0
BRF:36
BRH:28
end_of_record
TN:
SF:C:\Users\Olayinka\alcwithforloop\book-a-meal-app\api\src\controllers/UserController.js
FN:11,(anonymous_17)
FN:11,_callee
FN:25,(anonymous_22)
FN:25,_callee2
FN:39,(anonymous_27)
FN:39,_callee3
FN:66,(anonymous_32)
FN:66,_callee4
FNF:8
FNH:6
FNDA:1,(anonymous_17)
FNDA:0,_callee
FNDA:1,(anonymous_22)
FNDA:0,_callee2
FNDA:2,(anonymous_27)
FNDA:3,_callee3
FNDA:3,(anonymous_32)
FNDA:6,_callee4
DA:1,1
DA:2,1
DA:11,3
DA:12,0
DA:13,0
DA:14,0
DA:15,0
DA:16,0
DA:17,0
DA:19,0
DA:25,3
DA:26,0
DA:27,0
DA:28,0
DA:29,0
DA:30,0
DA:31,0
DA:33,0
DA:39,9
DA:40,1
DA:42,1
DA:43,1
DA:44,1
DA:46,1
DA:47,1
DA:49,1
DA:51,1
DA:52,0
DA:54,1
DA:57,0
DA:60,0
DA:66,16
DA:67,2
DA:68,2
DA:69,2
DA:70,2
DA:71,2
DA:72,2
DA:73,2
DA:74,2
DA:75,2
DA:76,2
DA:78,0
LF:43
LH:25
BRDA:11,0,0,0
BRDA:11,0,1,0
BRDA:11,0,2,0
BRDA:11,0,3,0
BRDA:16,1,0,0
BRDA:16,1,1,0
BRDA:25,2,0,0
BRDA:25,2,1,0
BRDA:25,2,2,0
BRDA:25,2,3,0
BRDA:30,3,0,0
BRDA:30,3,1,0
BRDA:39,4,0,1
BRDA:39,4,1,1
BRDA:39,4,2,1
BRDA:39,4,3,1
BRDA:46,5,0,1
BRDA:46,5,1,0
BRDA:47,6,0,1
BRDA:47,6,1,0
BRDA:51,7,0,0
BRDA:51,7,1,1
BRDA:66,8,0,2
BRDA:66,8,1,2
BRDA:66,8,2,2
BRDA:66,8,3,2
BRDA:75,9,0,2
BRDA:75,9,1,0
BRF:28
BRH:12
end_of_record
TN:
SF:C:\Users\Olayinka\alcwithforloop\book-a-meal-app\api\src\routes/MealsRoutes.js
FNF:0
FNH:0
DA:1,1
DA:2,1
DA:3,1
DA:4,1
DA:7,1
DA:8,1
DA:10,1
DA:11,1
DA:12,1
DA:13,1
DA:14,1
DA:15,1
DA:27,1
LF:13
LH:13
BRF:0
BRH:0
end_of_record
TN:
SF:C:\Users\Olayinka\alcwithforloop\book-a-meal-app\api\src\routes/MenuRoutes.js
FNF:0
FNH:0
DA:1,1
DA:2,1
DA:4,1
DA:6,1
DA:8,1
DA:9,1
DA:10,1
DA:12,1
DA:14,1
LF:9
LH:9
BRF:0
BRH:0
end_of_record
TN:
SF:C:\Users\Olayinka\alcwithforloop\book-a-meal-app\api\src\routes/OrdersRoutes.js
FNF:0
FNH:0
DA:1,1
DA:2,1
DA:4,1
DA:6,1
DA:8,1
DA:9,1
DA:10,1
DA:11,1
DA:13,1
LF:9
LH:9
BRF:0
BRH:0
end_of_record
TN:
SF:C:\Users\Olayinka\alcwithforloop\book-a-meal-app\api\src\routes/UserRoutes.js
FNF:0
FNH:0
DA:1,1
DA:2,1
DA:4,1
DA:6,1
DA:8,1
DA:9,1
DA:10,1
DA:11,1
DA:13,1
LF:9
LH:9
BRF:0
BRH:0
end_of_record
TN:
SF:C:\Users\Olayinka\alcwithforloop\book-a-meal-app\api\src\services/MealsService.js
FNF:0
FNH:0
DA:2,1
DA:89,1
LF:2
LH:2
BRF:0
BRH:0
end_of_record
TN:
SF:C:\Users\Olayinka\alcwithforloop\book-a-meal-app\api\src\services/MenuService.js
FNF:0
FNH:0
DA:1,1
DA:12,0
DA:18,0
LF:3
LH:1
BRDA:28,0,0,0
BRDA:28,0,1,1
BRF:2
BRH:1
end_of_record
TN:
SF:C:\Users\Olayinka\alcwithforloop\book-a-meal-app\api\src\services/OrdersService.js
FNF:0
FNH:0
DA:1,1
LF:1
LH:1
BRF:0
BRH:0
end_of_record
TN:
SF:C:\Users\Olayinka\alcwithforloop\book-a-meal-app\api\src\services/UserService.js
FN:61,(anonymous_32)
FN:61,_callee6
FN:62,(anonymous_35)
FN:71,_callee4
FN:75,_callee5
FN:78,(anonymous_43)
FNF:6
FNH:5
FNDA:2,(anonymous_32)
FNDA:4,_callee6
FNDA:4,(anonymous_35)
FNDA:4,_callee4
FNDA:4,_callee5
FNDA:0,(anonymous_43)
DA:1,1
DA:2,1
DA:3,1
DA:60,1
DA:61,11
DA:62,6
DA:71,11
DA:75,11
DA:79,0
DA:82,1
LF:10
LH:9
BRDA:61,0,0,1
BRDA:61,0,1,1
BRDA:61,0,2,0
BRDA:61,0,3,1
BRDA:71,1,0,1
BRDA:71,1,1,1
BRDA:71,1,2,0
BRDA:71,1,3,1
BRDA:75,2,0,1
BRDA:75,2,1,1
BRDA:75,2,2,0
BRDA:75,2,3,1
BRF:12
BRH:9
end_of_record
